Using pre-set license
Built from '2020.2/staging' branch; Version is '2020.2.5f1 (e2c53f129de5) revision 14861631'; Using compiler version '192528614'; Build Type 'Release'
OS: 'Windows 10 Home; OS build 19042.928; Version 2009; 64bit' Language: 'he' Physical Memory: 16217 MB
BatchMode: 1, IsHumanControllingUs: 0, StartBugReporterOnCrash: 0, Is64bit: 1, IsPro: 0

 COMMAND LINE ARGUMENTS:
C:\Program Files\Unity\Hub\Editor\2020.2.5f1\Editor\Unity.exe
-adb2
-batchMode
-noUpm
-name
AssetImportWorker0
-projectPath
C:/Users/zahta/Documents/GitHub/Exercise3
-logFile
Logs/AssetImportWorker0.log
-srvPort
59539
Successfully changed project path to: C:/Users/zahta/Documents/GitHub/Exercise3
C:/Users/zahta/Documents/GitHub/Exercise3
Using Asset Import Pipeline V2.
Refreshing native plugins compatible for Editor in 33.33 ms, found 0 plugins.
Preloading 0 native plugins for Editor in 0.00 ms.
Initialize engine version: 2020.2.5f1 (e2c53f129de5)
[Subsystems] Discovering subsystems at path C:/Program Files/Unity/Hub/Editor/2020.2.5f1/Editor/Data/Resources/UnitySubsystems
[Subsystems] Discovering subsystems at path C:/Users/zahta/Documents/GitHub/Exercise3/Assets
GfxDevice: creating device client; threaded=0
Direct3D:
    Version:  Direct3D 11.0 [level 11.1]
    Renderer: Intel(R) UHD Graphics 620 (ID=0x5917)
    Vendor:   
    VRAM:     8108 MB
    Driver:   26.20.100.7263
Initialize mono
Mono path[0] = 'C:/Program Files/Unity/Hub/Editor/2020.2.5f1/Editor/Data/Managed'
Mono path[1] = 'C:/Program Files/Unity/Hub/Editor/2020.2.5f1/Editor/Data/MonoBleedingEdge/lib/mono/unityjit'
Mono config path = 'C:/Program Files/Unity/Hub/Editor/2020.2.5f1/Editor/Data/MonoBleedingEdge/etc'
Using monoOptions --debugger-agent=transport=dt_socket,embedding=1,server=y,suspend=n,address=127.0.0.1:56896
Begin MonoManager ReloadAssembly
Registering precompiled unity dll's ...
Register platform support module: C:/Program Files/Unity/Hub/Editor/2020.2.5f1/Editor/Data/PlaybackEngines/WindowsStandaloneSupport/UnityEditor.WindowsStandalone.Extensions.dll
Registered in 0.004990 seconds.
Native extension for WindowsStandalone target not found
Refreshing native plugins compatible for Editor in 50.30 ms, found 0 plugins.
Preloading 0 native plugins for Editor in 0.00 ms.
Invoked RoslynAnalysisRunner static constructor.
RoslynAnalysisRunner will not be running.
RoslynAnalysisRunner has terminated.
Mono: successfully reloaded assembly
- Completed reload, in  1.805 seconds
Platform modules already initialized, skipping
Registering precompiled user dll's ...
Registered in 0.001514 seconds.
Begin MonoManager ReloadAssembly
Native extension for WindowsStandalone target not found
Refreshing native plugins compatible for Editor in 0.57 ms, found 0 plugins.
Preloading 0 native plugins for Editor in 0.00 ms.
Invoked RoslynAnalysisRunner static constructor.
RoslynAnalysisRunner will not be running.
RoslynAnalysisRunner has terminated.
Mono: successfully reloaded assembly
- Completed reload, in  1.231 seconds
Platform modules already initialized, skipping
========================================================================
Worker process is ready to serve import requests
Launched and connected shader compiler UnityShaderCompiler.exe after 0.07 seconds
Refreshing native plugins compatible for Editor in 0.42 ms, found 0 plugins.
Preloading 0 native plugins for Editor in 0.00 ms.
Unloading 1112 Unused Serialized files (Serialized files now loaded: 0)
System memory in use before: 59.7 MB.
System memory in use after: 59.8 MB.

Unloading 10 unused Assets to reduce memory usage. Loaded Objects now: 1564.
Total: 2.478300 ms (FindLiveObjects: 0.961100 ms CreateObjectMapping: 0.076100 ms MarkObjects: 1.358900 ms  DeleteObjects: 0.080700 ms)

========================================================================
Received Import Request.
  path: Assets/Animations/GameObject.controller
  artifactKey: Guid(bf089440543b1cf45a07b1c529f16eca) Importer(815301076,1909f56bfc062723c751e8b465ee728b)
Start importing Assets/Animations/GameObject.controller using Guid(bf089440543b1cf45a07b1c529f16eca) Importer(815301076,1909f56bfc062723c751e8b465ee728b)  -> (artifact id: 'f685be313d238c33f4d6133428d073ed') in 0.053968 seconds
  Import took 0.056910 seconds .

========================================================================
Received Import Request.
  Time since last request: 0.000335 seconds.
  path: Assets/Animations/GameObject (1).controller
  artifactKey: Guid(63c7227afbe446d4cab067ffff4f1ce0) Importer(815301076,1909f56bfc062723c751e8b465ee728b)
Start importing Assets/Animations/GameObject (1).controller using Guid(63c7227afbe446d4cab067ffff4f1ce0) Importer(815301076,1909f56bfc062723c751e8b465ee728b)  -> (artifact id: '49dff35e8b8c1b27ecf3c1714d52006d') in 0.009309 seconds
  Import took 0.012039 seconds .

========================================================================
Received Import Request.
  Time since last request: 65.080063 seconds.
  path: Assets/Animations/FrontClose.anim
  artifactKey: Guid(66516e43c3cdd2849988aa79f3e6a925) Importer(815301076,1909f56bfc062723c751e8b465ee728b)
Start importing Assets/Animations/FrontClose.anim using Guid(66516e43c3cdd2849988aa79f3e6a925) Importer(815301076,1909f56bfc062723c751e8b465ee728b)  -> (artifact id: 'b5a6931b00fa9192539dc53f48ecf291') in 0.006960 seconds
  Import took 0.010709 seconds .

========================================================================
Received Import Request.
  Time since last request: 0.004618 seconds.
  path: Assets/Animations/FrontClose.anim
  artifactKey: Guid(66516e43c3cdd2849988aa79f3e6a925) Importer(815301076,1909f56bfc062723c751e8b465ee728b)
Start importing Assets/Animations/FrontClose.anim using Guid(66516e43c3cdd2849988aa79f3e6a925) Importer(815301076,1909f56bfc062723c751e8b465ee728b)  -> (artifact id: 'b5a6931b00fa9192539dc53f48ecf291') in 0.005134 seconds
  Import took 0.007526 seconds .

========================================================================
Received Import Request.
  Time since last request: 2.337696 seconds.
  path: Assets/Animations/FrontLeft.anim
  artifactKey: Guid(38a0e890a7accf44daa2a9319ecde795) Importer(815301076,1909f56bfc062723c751e8b465ee728b)
Start importing Assets/Animations/FrontLeft.anim using Guid(38a0e890a7accf44daa2a9319ecde795) Importer(815301076,1909f56bfc062723c751e8b465ee728b)  -> (artifact id: '518af88422ec679388becc304dd38644') in 0.008621 seconds
  Import took 0.011706 seconds .

========================================================================
Received Import Request.
  Time since last request: 4.131770 seconds.
  path: Assets/Animations/DoorClose.anim
  artifactKey: Guid(8f29ff1dedcab894387e01141d272c24) Importer(815301076,1909f56bfc062723c751e8b465ee728b)
Start importing Assets/Animations/DoorClose.anim using Guid(8f29ff1dedcab894387e01141d272c24) Importer(815301076,1909f56bfc062723c751e8b465ee728b)  -> (artifact id: '085143a45b10ca0454a8304da468f707') in 0.008412 seconds
  Import took 0.014780 seconds .

========================================================================
Received Import Request.
  Time since last request: 1.376862 seconds.
  path: Assets/Animations/DoorOpen.anim
  artifactKey: Guid(af9fbbeff41cadf4e8418320e0c1c5b0) Importer(815301076,1909f56bfc062723c751e8b465ee728b)
Start importing Assets/Animations/DoorOpen.anim using Guid(af9fbbeff41cadf4e8418320e0c1c5b0) Importer(815301076,1909f56bfc062723c751e8b465ee728b)  -> (artifact id: '3b2d3382094db4b6ba86e17f44107fd9') in 0.006443 seconds
  Import took 0.009442 seconds .

========================================================================
Received Import Request.
  Time since last request: 5.614794 seconds.
  path: Assets/Animations/Front.controller
  artifactKey: Guid(520510faaa606234e98b67378cc2d69f) Importer(815301076,1909f56bfc062723c751e8b465ee728b)
Start importing Assets/Animations/Front.controller using Guid(520510faaa606234e98b67378cc2d69f) Importer(815301076,1909f56bfc062723c751e8b465ee728b)  -> (artifact id: '750ea1ceceab7696b2a2313dcb887a5c') in 0.008139 seconds
  Import took 0.012685 seconds .

========================================================================
Received Import Request.
  Time since last request: 0.002414 seconds.
  path: Assets/Animations/Front.controller
  artifactKey: Guid(520510faaa606234e98b67378cc2d69f) Importer(815301076,1909f56bfc062723c751e8b465ee728b)
Start importing Assets/Animations/Front.controller using Guid(520510faaa606234e98b67378cc2d69f) Importer(815301076,1909f56bfc062723c751e8b465ee728b)  -> (artifact id: '750ea1ceceab7696b2a2313dcb887a5c') in 0.008538 seconds
  Import took 0.012516 seconds .

========================================================================
Received Import Request.
  Time since last request: 84.893338 seconds.
  path: Assets/Animations/FrontOpen.anim
  artifactKey: Guid(d7bbdc1cb4e15984eb201f71fcbe874c) Importer(815301076,1909f56bfc062723c751e8b465ee728b)
Start importing Assets/Animations/FrontOpen.anim using Guid(d7bbdc1cb4e15984eb201f71fcbe874c) Importer(815301076,1909f56bfc062723c751e8b465ee728b)  -> (artifact id: '76d05207b4cd4ce8ade3e33faac073aa') in 0.008494 seconds
  Import took 0.014244 seconds .

========================================================================
Received Import Request.
  Time since last request: 0.013225 seconds.
  path: Assets/Animations/FrontOpen.anim
  artifactKey: Guid(d7bbdc1cb4e15984eb201f71fcbe874c) Importer(815301076,1909f56bfc062723c751e8b465ee728b)
Start importing Assets/Animations/FrontOpen.anim using Guid(d7bbdc1cb4e15984eb201f71fcbe874c) Importer(815301076,1909f56bfc062723c751e8b465ee728b)  -> (artifact id: '76d05207b4cd4ce8ade3e33faac073aa') in 0.007361 seconds
  Import took 0.010662 seconds .

========================================================================
Received Prepare
Registering precompiled user dll's ...
Registered in 0.001169 seconds.
Begin MonoManager ReloadAssembly
Native extension for WindowsStandalone target not found
Refreshing native plugins compatible for Editor in 0.26 ms, found 0 plugins.
Preloading 0 native plugins for Editor in 0.00 ms.
Invoked RoslynAnalysisRunner static constructor.
RoslynAnalysisRunner will not be running.
RoslynAnalysisRunner has terminated.
Mono: successfully reloaded assembly
- Completed reload, in  1.076 seconds
Platform modules already initialized, skipping
Refreshing native plugins compatible for Editor in 0.30 ms, found 0 plugins.
Preloading 0 native plugins for Editor in 0.00 ms.
Unloading 1107 Unused Serialized files (Serialized files now loaded: 0)
System memory in use before: 59.6 MB.
System memory in use after: 59.7 MB.

Unloading 5 unused Assets to reduce memory usage. Loaded Objects now: 1566.
Total: 4.256200 ms (FindLiveObjects: 0.288700 ms CreateObjectMapping: 0.089500 ms MarkObjects: 3.752400 ms  DeleteObjects: 0.122400 ms)

========================================================================
Received Import Request.
  Time since last request: 107.766210 seconds.
  path: Assets/Animations/Front1.controller
  artifactKey: Guid(63c7227afbe446d4cab067ffff4f1ce0) Importer(815301076,1909f56bfc062723c751e8b465ee728b)
Start importing Assets/Animations/Front1.controller using Guid(63c7227afbe446d4cab067ffff4f1ce0) Importer(815301076,1909f56bfc062723c751e8b465ee728b)  -> (artifact id: 'c21f3eafcfa865cd43224a52b1bb73ca') in 0.019826 seconds
  Import took 0.023921 seconds .

========================================================================
Received Import Request.
  Time since last request: 131.786234 seconds.
  path: Assets/Animations/Cube.controller
  artifactKey: Guid(c05f9266750aba04d9f5a6eb598b4c29) Importer(815301076,1909f56bfc062723c751e8b465ee728b)
Start importing Assets/Animations/Cube.controller using Guid(c05f9266750aba04d9f5a6eb598b4c29) Importer(815301076,1909f56bfc062723c751e8b465ee728b)  -> (artifact id: 'e03292fe5184d465607df72ab5b7834e') in 0.006557 seconds
  Import took 0.009055 seconds .

========================================================================
Received Prepare
Registering precompiled user dll's ...
Registered in 0.001143 seconds.
Begin MonoManager ReloadAssembly
Native extension for WindowsStandalone target not found
Refreshing native plugins compatible for Editor in 0.28 ms, found 0 plugins.
Preloading 0 native plugins for Editor in 0.00 ms.
Invoked RoslynAnalysisRunner static constructor.
RoslynAnalysisRunner will not be running.
RoslynAnalysisRunner has terminated.
Mono: successfully reloaded assembly
- Completed reload, in  0.990 seconds
Platform modules already initialized, skipping
Refreshing native plugins compatible for Editor in 0.25 ms, found 0 plugins.
Preloading 0 native plugins for Editor in 0.00 ms.
Unloading 1107 Unused Serialized files (Serialized files now loaded: 0)
System memory in use before: 59.7 MB.
System memory in use after: 59.7 MB.

Unloading 5 unused Assets to reduce memory usage. Loaded Objects now: 1568.
Total: 2.234700 ms (FindLiveObjects: 0.209700 ms CreateObjectMapping: 0.055700 ms MarkObjects: 1.895900 ms  DeleteObjects: 0.071600 ms)

========================================================================
Received Import Request.
  Time since last request: 341.937082 seconds.
  path: Assets/Western Demo Audio Assets/Doors/GameObject (3).controller
  artifactKey: Guid(9d509a46dc4822947a2cf4742a103e39) Importer(815301076,1909f56bfc062723c751e8b465ee728b)
Start importing Assets/Western Demo Audio Assets/Doors/GameObject (3).controller using Guid(9d509a46dc4822947a2cf4742a103e39) Importer(815301076,1909f56bfc062723c751e8b465ee728b)  -> (artifact id: '47a93c6f86224429a0e0d8ace8ce8e36') in 0.019217 seconds
  Import took 0.021788 seconds .

========================================================================
Received Import Request.
  Time since last request: 33.881324 seconds.
  path: Assets/Animations/DoorMotion.controller
  artifactKey: Guid(bf089440543b1cf45a07b1c529f16eca) Importer(815301076,1909f56bfc062723c751e8b465ee728b)
Start importing Assets/Animations/DoorMotion.controller using Guid(bf089440543b1cf45a07b1c529f16eca) Importer(815301076,1909f56bfc062723c751e8b465ee728b)  -> (artifact id: '742d40705db84fa264f7bf719746c9ac') in 0.012296 seconds
  Import took 0.015125 seconds .

========================================================================
Received Import Request.
  Time since last request: 3.902944 seconds.
  path: Assets/Animations/DoorBath.anim
  artifactKey: Guid(03a83625a063c3f43bf812b0df1fa01c) Importer(815301076,1909f56bfc062723c751e8b465ee728b)
Start importing Assets/Animations/DoorBath.anim using Guid(03a83625a063c3f43bf812b0df1fa01c) Importer(815301076,1909f56bfc062723c751e8b465ee728b)  -> (artifact id: 'e6ca419599f645d927a9f8e1c92ace7f') in 0.006626 seconds
  Import took 0.011118 seconds .

========================================================================
Received Import Request.
  Time since last request: 0.004459 seconds.
  path: Assets/Animations/DoorBath.anim
  artifactKey: Guid(03a83625a063c3f43bf812b0df1fa01c) Importer(815301076,1909f56bfc062723c751e8b465ee728b)
Start importing Assets/Animations/DoorBath.anim using Guid(03a83625a063c3f43bf812b0df1fa01c) Importer(815301076,1909f56bfc062723c751e8b465ee728b)  -> (artifact id: 'e6ca419599f645d927a9f8e1c92ace7f') in 0.008896 seconds
  Import took 0.012712 seconds .

========================================================================
Received Import Request.
  Time since last request: 347.218002 seconds.
  path: Assets/Animations/DoorBathClos.anim
  artifactKey: Guid(96a089c9a0e128347a605d01ef558cea) Importer(815301076,1909f56bfc062723c751e8b465ee728b)
Start importing Assets/Animations/DoorBathClos.anim using Guid(96a089c9a0e128347a605d01ef558cea) Importer(815301076,1909f56bfc062723c751e8b465ee728b)  -> (artifact id: '6b8abb4a4f897a618b93e82508b9d9ba') in 0.008396 seconds
  Import took 0.012214 seconds .

========================================================================
Received Prepare
Registering precompiled user dll's ...
Registered in 0.001432 seconds.
Begin MonoManager ReloadAssembly
Native extension for WindowsStandalone target not found
Refreshing native plugins compatible for Editor in 0.37 ms, found 0 plugins.
Preloading 0 native plugins for Editor in 0.00 ms.
Invoked RoslynAnalysisRunner static constructor.
RoslynAnalysisRunner will not be running.
RoslynAnalysisRunner has terminated.
Mono: successfully reloaded assembly
- Completed reload, in  1.147 seconds
Platform modules already initialized, skipping
Refreshing native plugins compatible for Editor in 0.28 ms, found 0 plugins.
Preloading 0 native plugins for Editor in 0.00 ms.
Unloading 1107 Unused Serialized files (Serialized files now loaded: 0)
System memory in use before: 59.7 MB.
System memory in use after: 59.8 MB.

Unloading 5 unused Assets to reduce memory usage. Loaded Objects now: 1570.
Total: 1.735700 ms (FindLiveObjects: 0.148500 ms CreateObjectMapping: 0.031800 ms MarkObjects: 1.501800 ms  DeleteObjects: 0.052200 ms)

========================================================================
Received Prepare
Registering precompiled user dll's ...
Registered in 0.003011 seconds.
Begin MonoManager ReloadAssembly
Native extension for WindowsStandalone target not found
Refreshing native plugins compatible for Editor in 0.63 ms, found 0 plugins.
Preloading 0 native plugins for Editor in 0.00 ms.
Invoked RoslynAnalysisRunner static constructor.
RoslynAnalysisRunner will not be running.
RoslynAnalysisRunner has terminated.
Mono: successfully reloaded assembly
- Completed reload, in  2.374 seconds
Platform modules already initialized, skipping
Refreshing native plugins compatible for Editor in 0.68 ms, found 0 plugins.
Preloading 0 native plugins for Editor in 0.00 ms.
Unloading 1107 Unused Serialized files (Serialized files now loaded: 0)
System memory in use before: 59.7 MB.
System memory in use after: 59.8 MB.

Unloading 5 unused Assets to reduce memory usage. Loaded Objects now: 1572.
Total: 4.216400 ms (FindLiveObjects: 0.331200 ms CreateObjectMapping: 0.098800 ms MarkObjects: 3.632400 ms  DeleteObjects: 0.151100 ms)

========================================================================
Received Prepare
Registering precompiled user dll's ...
Registered in 0.002077 seconds.
Begin MonoManager ReloadAssembly
Native extension for WindowsStandalone target not found
Refreshing native plugins compatible for Editor in 0.28 ms, found 0 plugins.
Preloading 0 native plugins for Editor in 0.00 ms.
Invoked RoslynAnalysisRunner static constructor.
RoslynAnalysisRunner will not be running.
RoslynAnalysisRunner has terminated.
Mono: successfully reloaded assembly
- Completed reload, in  0.939 seconds
Platform modules already initialized, skipping
Refreshing native plugins compatible for Editor in 0.31 ms, found 0 plugins.
Preloading 0 native plugins for Editor in 0.00 ms.
Unloading 1107 Unused Serialized files (Serialized files now loaded: 0)
System memory in use before: 59.7 MB.
System memory in use after: 59.8 MB.

Unloading 5 unused Assets to reduce memory usage. Loaded Objects now: 1574.
Total: 2.698300 ms (FindLiveObjects: 0.202300 ms CreateObjectMapping: 0.056900 ms MarkObjects: 2.378000 ms  DeleteObjects: 0.058700 ms)

========================================================================
Received Prepare
Registering precompiled user dll's ...
Registered in 0.002057 seconds.
Begin MonoManager ReloadAssembly
Native extension for WindowsStandalone target not found
Refreshing native plugins compatible for Editor in 0.27 ms, found 0 plugins.
Preloading 0 native plugins for Editor in 0.00 ms.
Invoked RoslynAnalysisRunner static constructor.
RoslynAnalysisRunner will not be running.
RoslynAnalysisRunner has terminated.
Mono: successfully reloaded assembly
- Completed reload, in  1.048 seconds
Platform modules already initialized, skipping
Refreshing native plugins compatible for Editor in 0.27 ms, found 0 plugins.
Preloading 0 native plugins for Editor in 0.00 ms.
Unloading 1107 Unused Serialized files (Serialized files now loaded: 0)
System memory in use before: 59.7 MB.
System memory in use after: 59.8 MB.

Unloading 5 unused Assets to reduce memory usage. Loaded Objects now: 1576.
Total: 2.693100 ms (FindLiveObjects: 0.196700 ms CreateObjectMapping: 0.059100 ms MarkObjects: 2.365600 ms  DeleteObjects: 0.069900 ms)

========================================================================
Received Import Request.
  Time since last request: 2424.372213 seconds.
  path: Assets/Scripts/CharcterUpstairs.cs
  artifactKey: Guid(567b99daee0e3fc439ac6a75ff9c8b09) Importer(815301076,1909f56bfc062723c751e8b465ee728b)
Start importing Assets/Scripts/CharcterUpstairs.cs using Guid(567b99daee0e3fc439ac6a75ff9c8b09) Importer(815301076,1909f56bfc062723c751e8b465ee728b)  -> (artifact id: '6daacb23251ff509acbca3d4899aec70') in 0.038512 seconds
  Import took 0.043288 seconds .

========================================================================
Received Import Request.
  Time since last request: 0.001210 seconds.
  path: Assets/Scripts/CharcterUpstairs.cs
  artifactKey: Guid(567b99daee0e3fc439ac6a75ff9c8b09) Importer(815301076,1909f56bfc062723c751e8b465ee728b)
Start importing Assets/Scripts/CharcterUpstairs.cs using Guid(567b99daee0e3fc439ac6a75ff9c8b09) Importer(815301076,1909f56bfc062723c751e8b465ee728b)  -> (artifact id: '6daacb23251ff509acbca3d4899aec70') in 0.007099 seconds
  Import took 0.010850 seconds .

========================================================================
Received Prepare
Registering precompiled user dll's ...
Registered in 0.001224 seconds.
Begin MonoManager ReloadAssembly
Native extension for WindowsStandalone target not found
Refreshing native plugins compatible for Editor in 0.30 ms, found 0 plugins.
Preloading 0 native plugins for Editor in 0.00 ms.
Invoked RoslynAnalysisRunner static constructor.
RoslynAnalysisRunner will not be running.
RoslynAnalysisRunner has terminated.
Mono: successfully reloaded assembly
- Completed reload, in  0.984 seconds
Platform modules already initialized, skipping
Refreshing native plugins compatible for Editor in 0.48 ms, found 0 plugins.
Preloading 0 native plugins for Editor in 0.00 ms.
Unloading 1108 Unused Serialized files (Serialized files now loaded: 0)
System memory in use before: 59.8 MB.
System memory in use after: 59.8 MB.

Unloading 5 unused Assets to reduce memory usage. Loaded Objects now: 1579.
Total: 2.692800 ms (FindLiveObjects: 0.267400 ms CreateObjectMapping: 0.051900 ms MarkObjects: 2.249400 ms  DeleteObjects: 0.122300 ms)

========================================================================
Received Prepare
Registering precompiled user dll's ...
Registered in 0.001257 seconds.
Begin MonoManager ReloadAssembly
Native extension for WindowsStandalone target not found
Refreshing native plugins compatible for Editor in 0.29 ms, found 0 plugins.
Preloading 0 native plugins for Editor in 0.00 ms.
Invoked RoslynAnalysisRunner static constructor.
RoslynAnalysisRunner will not be running.
RoslynAnalysisRunner has terminated.
Mono: successfully reloaded assembly
- Completed reload, in  0.986 seconds
Platform modules already initialized, skipping
Refreshing native plugins compatible for Editor in 0.29 ms, found 0 plugins.
Preloading 0 native plugins for Editor in 0.00 ms.
Unloading 1108 Unused Serialized files (Serialized files now loaded: 0)
System memory in use before: 59.8 MB.
System memory in use after: 59.8 MB.

Unloading 5 unused Assets to reduce memory usage. Loaded Objects now: 1581.
Total: 2.193500 ms (FindLiveObjects: 0.190100 ms CreateObjectMapping: 0.050100 ms MarkObjects: 1.884700 ms  DeleteObjects: 0.066900 ms)

========================================================================
Received Import Request.
  Time since last request: 226.167663 seconds.
  path: Assets/Scripts/CharcterUpstairs.cs
  artifactKey: Guid(567b99daee0e3fc439ac6a75ff9c8b09) Importer(815301076,1909f56bfc062723c751e8b465ee728b)
Start importing Assets/Scripts/CharcterUpstairs.cs using Guid(567b99daee0e3fc439ac6a75ff9c8b09) Importer(815301076,1909f56bfc062723c751e8b465ee728b)  -> (artifact id: 'fd70aaf6f51b5030fe50ccbd74778f94') in 0.005235 seconds
  Import took 0.007562 seconds .

========================================================================
Received Import Request.
  Time since last request: 163.047488 seconds.
  path: Assets/Animations/LeonardoAnim.controller
  artifactKey: Guid(9397792e84586ff47a94fcc1983cdb9f) Importer(815301076,1909f56bfc062723c751e8b465ee728b)
Start importing Assets/Animations/LeonardoAnim.controller using Guid(9397792e84586ff47a94fcc1983cdb9f) Importer(815301076,1909f56bfc062723c751e8b465ee728b)  -> (artifact id: '8051811bb88c32d9e02b328ee3b1bc1e') in 0.016635 seconds
  Import took 0.019318 seconds .

========================================================================
Received Import Request.
  Time since last request: 9.986398 seconds.
  path: Assets/Prefabs/npc/Remy_Body_Specular 1.png
  artifactKey: Guid(cb7a1a058498bfe49b2245bf1b7d5847) Importer(815301076,1909f56bfc062723c751e8b465ee728b)
Start importing Assets/Prefabs/npc/Remy_Body_Specular 1.png using Guid(cb7a1a058498bfe49b2245bf1b7d5847) Importer(815301076,1909f56bfc062723c751e8b465ee728b)  -> (artifact id: 'a3593fccc7d30a5fd6ace970bffa23a0') in 0.110208 seconds
  Import took 0.112583 seconds .

========================================================================
Received Import Request.
  Time since last request: 0.000350 seconds.
  path: Assets/Prefabs/npc/Remy_Bottom_Diffuse 1.png
  artifactKey: Guid(04ec0a2e4e4f9864db3bbc09859b6bac) Importer(815301076,1909f56bfc062723c751e8b465ee728b)
Start importing Assets/Prefabs/npc/Remy_Bottom_Diffuse 1.png using Guid(04ec0a2e4e4f9864db3bbc09859b6bac) Importer(815301076,1909f56bfc062723c751e8b465ee728b)  -> (artifact id: '6a53b80c6ff85046bb0017d9e54d265f') in 0.016836 seconds
  Import took 0.019713 seconds .

========================================================================
Received Import Request.
  Time since last request: 1.350831 seconds.
  path: Assets/Prefabs/npc/Remy_Bottom_Gloss 1.png
  artifactKey: Guid(0a102166b330567468f837654db04907) Importer(815301076,1909f56bfc062723c751e8b465ee728b)
Start importing Assets/Prefabs/npc/Remy_Bottom_Gloss 1.png using Guid(0a102166b330567468f837654db04907) Importer(815301076,1909f56bfc062723c751e8b465ee728b)  -> (artifact id: '8dea24999b30cea2e139bde8fab606d7') in 0.019530 seconds
  Import took 0.024137 seconds .

========================================================================
Received Import Request.
  Time since last request: 0.000390 seconds.
  path: Assets/Prefabs/npc/Remy_Bottom_Opacity 1.png
  artifactKey: Guid(9030ec3eda718ab4a8c385d64c74c1cb) Importer(815301076,1909f56bfc062723c751e8b465ee728b)
Start importing Assets/Prefabs/npc/Remy_Bottom_Opacity 1.png using Guid(9030ec3eda718ab4a8c385d64c74c1cb) Importer(815301076,1909f56bfc062723c751e8b465ee728b)  -> (artifact id: '2202e1075efe4cbf568b76c52307eec0') in 0.016777 seconds
  Import took 0.020692 seconds .

========================================================================
Received Import Request.
  Time since last request: 0.000347 seconds.
  path: Assets/Prefabs/npc/Remy_Bottom_Specular 1.png
  artifactKey: Guid(16f791e4ca7b1a0448b626be6825943d) Importer(815301076,1909f56bfc062723c751e8b465ee728b)
Start importing Assets/Prefabs/npc/Remy_Bottom_Specular 1.png using Guid(16f791e4ca7b1a0448b626be6825943d) Importer(815301076,1909f56bfc062723c751e8b465ee728b)  -> (artifact id: 'fa0964da80067ce63467342966e32c68') in 0.032788 seconds
  Import took 0.039849 seconds .

========================================================================
Received Import Request.
  Time since last request: 0.000647 seconds.
  path: Assets/Prefabs/npc/Remy_Hair_Diffuse 1.png
  artifactKey: Guid(ae4a0fabc5cdabe4fadbe582f0edc42d) Importer(815301076,1909f56bfc062723c751e8b465ee728b)
Start importing Assets/Prefabs/npc/Remy_Hair_Diffuse 1.png using Guid(ae4a0fabc5cdabe4fadbe582f0edc42d) Importer(815301076,1909f56bfc062723c751e8b465ee728b)  -> (artifact id: 'aee70881c985e4f81428eddb7994c9b7') in 0.023424 seconds
  Import took 0.027763 seconds .

========================================================================
Received Import Request.
  Time since last request: 0.000410 seconds.
  path: Assets/Prefabs/npc/Remy_Bottom_Normal 1.png
  artifactKey: Guid(540af08626519c2498f446c80fe1465d) Importer(815301076,1909f56bfc062723c751e8b465ee728b)
Start importing Assets/Prefabs/npc/Remy_Bottom_Normal 1.png using Guid(540af08626519c2498f446c80fe1465d) Importer(815301076,1909f56bfc062723c751e8b465ee728b)  -> (artifact id: 'd7d783a49f13b70f52ccfc26bd7d79e2') in 0.021422 seconds
  Import took 0.024085 seconds .

========================================================================
Received Import Request.
  Time since last request: 0.355090 seconds.
  path: Assets/Prefabs/npc/Remy_Hair_Gloss 1.png
  artifactKey: Guid(cff98b02ee1a99a4b956e74d4a73c929) Importer(815301076,1909f56bfc062723c751e8b465ee728b)
Start importing Assets/Prefabs/npc/Remy_Hair_Gloss 1.png using Guid(cff98b02ee1a99a4b956e74d4a73c929) Importer(815301076,1909f56bfc062723c751e8b465ee728b)  -> (artifact id: 'fb08b085bd75a72c4c3eab5d81fc60eb') in 0.039091 seconds
  Import took 0.047656 seconds .

========================================================================
Received Import Request.
  Time since last request: 0.000562 seconds.
  path: Assets/Prefabs/npc/Remy_Hair_Specular 1.png
  artifactKey: Guid(e8ce600ca23b7aa45bf997d40a39ee2e) Importer(815301076,1909f56bfc062723c751e8b465ee728b)
Start importing Assets/Prefabs/npc/Remy_Hair_Specular 1.png using Guid(e8ce600ca23b7aa45bf997d40a39ee2e) Importer(815301076,1909f56bfc062723c751e8b465ee728b)  -> (artifact id: 'a2289d84f3dcc303523a24c0aa4903d7') in 0.020187 seconds
  Import took 0.025660 seconds .

========================================================================
Received Import Request.
  Time since last request: 0.000399 seconds.
  path: Assets/Prefabs/npc/Remy_Shoes_Gloss 1.png
  artifactKey: Guid(8ccb03594ae555f48a7dfa462c24643b) Importer(815301076,1909f56bfc062723c751e8b465ee728b)
Start importing Assets/Prefabs/npc/Remy_Shoes_Gloss 1.png using Guid(8ccb03594ae555f48a7dfa462c24643b) Importer(815301076,1909f56bfc062723c751e8b465ee728b)  -> (artifact id: 'c884d51102481450d545b0a1cdd19c57') in 0.023663 seconds
  Import took 0.026389 seconds .

========================================================================
Received Import Request.
  Time since last request: 0.000627 seconds.
  path: Assets/Prefabs/npc/Remy_Shoes_Normal 1.png
  artifactKey: Guid(62e60d9f705a0264b8565369362db696) Importer(815301076,1909f56bfc062723c751e8b465ee728b)
Start importing Assets/Prefabs/npc/Remy_Shoes_Normal 1.png using Guid(62e60d9f705a0264b8565369362db696) Importer(815301076,1909f56bfc062723c751e8b465ee728b)  -> (artifact id: '0e3ef1fa7028f26c9a9750996d010b58') in 0.022440 seconds
  Import took 0.025769 seconds .

========================================================================
Received Import Request.
  Time since last request: 0.000346 seconds.
  path: Assets/Prefabs/npc/Remy_Shoes_Normal.png
  artifactKey: Guid(32bf1b5898cd9f546b5238feb4b6a945) Importer(815301076,1909f56bfc062723c751e8b465ee728b)
Start importing Assets/Prefabs/npc/Remy_Shoes_Normal.png using Guid(32bf1b5898cd9f546b5238feb4b6a945) Importer(815301076,1909f56bfc062723c751e8b465ee728b)  -> (artifact id: 'a895d8f5cd21e50f75463cadbee523df') in 0.062955 seconds
  Import took 0.065027 seconds .

========================================================================
Received Import Request.
  Time since last request: 0.000305 seconds.
  path: Assets/Prefabs/npc/Remy_Shoes_Specular.png
  artifactKey: Guid(9513f8db6cab1204ca27525bd697423d) Importer(815301076,1909f56bfc062723c751e8b465ee728b)
Start importing Assets/Prefabs/npc/Remy_Shoes_Specular.png using Guid(9513f8db6cab1204ca27525bd697423d) Importer(815301076,1909f56bfc062723c751e8b465ee728b)  -> (artifact id: 'db3d90c78681c85023a1ed061c3dba3f') in 0.015435 seconds
  Import took 0.017356 seconds .

========================================================================
Received Import Request.
  Time since last request: 0.000247 seconds.
  path: Assets/Prefabs/npc/Remy_Shoes_Specular 1.png
  artifactKey: Guid(0f241d5e47d3f5c41901b003d527c49e) Importer(815301076,1909f56bfc062723c751e8b465ee728b)
Start importing Assets/Prefabs/npc/Remy_Shoes_Specular 1.png using Guid(0f241d5e47d3f5c41901b003d527c49e) Importer(815301076,1909f56bfc062723c751e8b465ee728b)  -> (artifact id: '0369ad79587b6d99a6e78379f4427956') in 0.020770 seconds
  Import took 0.024070 seconds .

========================================================================
Received Import Request.
  Time since last request: 0.000275 seconds.
  path: Assets/Prefabs/npc/Remy_Shoes_Opacity.png
  artifactKey: Guid(eda87914e1bd65f4bac359f15acf6c9c) Importer(815301076,1909f56bfc062723c751e8b465ee728b)
Start importing Assets/Prefabs/npc/Remy_Shoes_Opacity.png using Guid(eda87914e1bd65f4bac359f15acf6c9c) Importer(815301076,1909f56bfc062723c751e8b465ee728b)  -> (artifact id: '2545d9fc697a0c323c73613b23d3669f') in 0.021797 seconds
  Import took 0.025252 seconds .

========================================================================
Received Import Request.
  Time since last request: 0.000311 seconds.
  path: Assets/Prefabs/npc/Remy_Top_Gloss.png
  artifactKey: Guid(fb84b0cee19725d4d9f1310ed0750a02) Importer(815301076,1909f56bfc062723c751e8b465ee728b)
Start importing Assets/Prefabs/npc/Remy_Top_Gloss.png using Guid(fb84b0cee19725d4d9f1310ed0750a02) Importer(815301076,1909f56bfc062723c751e8b465ee728b)  -> (artifact id: '6b0adaaa3517f3f6e8a9001b6e72674b') in 0.033706 seconds
  Import took 0.038301 seconds .

========================================================================
Received Import Request.
  Time since last request: 0.001110 seconds.
  path: Assets/Prefabs/npc/Remy_Hair_Opacity 1.png
  artifactKey: Guid(899292cac902be64486db8f04c8c8de2) Importer(815301076,1909f56bfc062723c751e8b465ee728b)
Start importing Assets/Prefabs/npc/Remy_Hair_Opacity 1.png using Guid(899292cac902be64486db8f04c8c8de2) Importer(815301076,1909f56bfc062723c751e8b465ee728b)  -> (artifact id: 'eddc6367211e19bf8ca9cd332499b798') in 0.025854 seconds
  Import took 0.029456 seconds .

========================================================================
Received Import Request.
  Time since last request: 0.000416 seconds.
  path: Assets/Prefabs/npc/Remy_Hair_Normal.png
  artifactKey: Guid(508099ab53787f24fbb95bcb3128c520) Importer(815301076,1909f56bfc062723c751e8b465ee728b)
Start importing Assets/Prefabs/npc/Remy_Hair_Normal.png using Guid(508099ab53787f24fbb95bcb3128c520) Importer(815301076,1909f56bfc062723c751e8b465ee728b)  -> (artifact id: '87d98828f1a57f3941112c64d68698bb') in 0.035380 seconds
  Import took 0.039235 seconds .

========================================================================
Received Import Request.
  Time since last request: 0.000396 seconds.
  path: Assets/Prefabs/npc/Remy_Shoes_Gloss.png
  artifactKey: Guid(73e25175406ade34897040e346dc0049) Importer(815301076,1909f56bfc062723c751e8b465ee728b)
Start importing Assets/Prefabs/npc/Remy_Shoes_Gloss.png using Guid(73e25175406ade34897040e346dc0049) Importer(815301076,1909f56bfc062723c751e8b465ee728b)  -> (artifact id: '5ef7b064f8ae506c510808c0555640b4') in 0.029719 seconds
  Import took 0.032738 seconds .

========================================================================
Received Import Request.
  Time since last request: 0.000518 seconds.
  path: Assets/Prefabs/npc/Remy_Shoes_Opacity 1.png
  artifactKey: Guid(2b3517f3acaf22d4bb35dacaf5433e22) Importer(815301076,1909f56bfc062723c751e8b465ee728b)
Start importing Assets/Prefabs/npc/Remy_Shoes_Opacity 1.png using Guid(2b3517f3acaf22d4bb35dacaf5433e22) Importer(815301076,1909f56bfc062723c751e8b465ee728b)  -> (artifact id: '9f421cdd70256431a1208ad6c88bedde') in 0.028096 seconds
  Import took 0.032796 seconds .

========================================================================
Received Import Request.
  Time since last request: 0.000636 seconds.
  path: Assets/Prefabs/npc/Remy_Hair_Gloss.png
  artifactKey: Guid(c36d245c00323444497b3b10193ec3c9) Importer(815301076,1909f56bfc062723c751e8b465ee728b)
Start importing Assets/Prefabs/npc/Remy_Hair_Gloss.png using Guid(c36d245c00323444497b3b10193ec3c9) Importer(815301076,1909f56bfc062723c751e8b465ee728b)  -> (artifact id: '5b9c4f7e3cda861962e214145d7f0158') in 0.028658 seconds
  Import took 0.032122 seconds .

========================================================================
Received Import Request.
  Time since last request: 0.000342 seconds.
  path: Assets/Prefabs/npc/Remy_Shoes_Diffuse.png
  artifactKey: Guid(df651b80bce9a9840b41221c017a030d) Importer(815301076,1909f56bfc062723c751e8b465ee728b)
Start importing Assets/Prefabs/npc/Remy_Shoes_Diffuse.png using Guid(df651b80bce9a9840b41221c017a030d) Importer(815301076,1909f56bfc062723c751e8b465ee728b)  -> (artifact id: '95605fe90371f1e0f76c50feaba5d419') in 0.031590 seconds
  Import took 0.034256 seconds .

========================================================================
Received Import Request.
  Time since last request: 0.000414 seconds.
  path: Assets/Prefabs/npc/Remy_Hair_Normal 1.png
  artifactKey: Guid(f9010991d07af7f42a07f150ce9935fa) Importer(815301076,1909f56bfc062723c751e8b465ee728b)
Start importing Assets/Prefabs/npc/Remy_Hair_Normal 1.png using Guid(f9010991d07af7f42a07f150ce9935fa) Importer(815301076,1909f56bfc062723c751e8b465ee728b)  -> (artifact id: 'db2a83173c09e6c2273d7cafd29efa4b') in 0.038926 seconds
  Import took 0.043272 seconds .

========================================================================
Received Import Request.
  Time since last request: 0.001223 seconds.
  path: Assets/Prefabs/npc/Remy_Shoes_Diffuse 1.png
  artifactKey: Guid(42b30414d3511c04dbbd1617b2db40f0) Importer(815301076,1909f56bfc062723c751e8b465ee728b)
Start importing Assets/Prefabs/npc/Remy_Shoes_Diffuse 1.png using Guid(42b30414d3511c04dbbd1617b2db40f0) Importer(815301076,1909f56bfc062723c751e8b465ee728b)  -> (artifact id: '7908bf9207e489b2ae4926cfa0e6a411') in 0.027029 seconds
  Import took 0.030641 seconds .

========================================================================
Received Import Request.
  Time since last request: 0.000638 seconds.
  path: Assets/Prefabs/npc/Remy_Top_Diffuse 1.png
  artifactKey: Guid(39d182b27df682447bbf38abea83921d) Importer(815301076,1909f56bfc062723c751e8b465ee728b)
Start importing Assets/Prefabs/npc/Remy_Top_Diffuse 1.png using Guid(39d182b27df682447bbf38abea83921d) Importer(815301076,1909f56bfc062723c751e8b465ee728b)  -> (artifact id: 'f48a592e8105b2f9075067e6b0e3f881') in 0.026779 seconds
  Import took 0.030746 seconds .

========================================================================
Received Import Request.
  Time since last request: 0.000252 seconds.
  path: Assets/Prefabs/npc/Remy_Hair_Opacity.png
  artifactKey: Guid(0d41d87995af3e54585d21e02b21a5b8) Importer(815301076,1909f56bfc062723c751e8b465ee728b)
Start importing Assets/Prefabs/npc/Remy_Hair_Opacity.png using Guid(0d41d87995af3e54585d21e02b21a5b8) Importer(815301076,1909f56bfc062723c751e8b465ee728b)  -> (artifact id: '46680a95cdb2417352701f75dd14e845') in 0.027956 seconds
  Import took 0.031425 seconds .

========================================================================
Received Import Request.
  Time since last request: 0.000354 seconds.
  path: Assets/Prefabs/npc/Remy_Top_Gloss 1.png
  artifactKey: Guid(476d52bc6a5dd5548a1c79cce6c0ffac) Importer(815301076,1909f56bfc062723c751e8b465ee728b)
Start importing Assets/Prefabs/npc/Remy_Top_Gloss 1.png using Guid(476d52bc6a5dd5548a1c79cce6c0ffac) Importer(815301076,1909f56bfc062723c751e8b465ee728b)  -> (artifact id: 'fa957d9e09957bb7dd9f6ca1586a37c7') in 0.021202 seconds
  Import took 0.024233 seconds .

========================================================================
Received Import Request.
  Time since last request: 0.000539 seconds.
  path: Assets/Prefabs/npc/Remy_Top_Diffuse.png
  artifactKey: Guid(71029a0308b90ab428b41b1b222a9274) Importer(815301076,1909f56bfc062723c751e8b465ee728b)
Start importing Assets/Prefabs/npc/Remy_Top_Diffuse.png using Guid(71029a0308b90ab428b41b1b222a9274) Importer(815301076,1909f56bfc062723c751e8b465ee728b)  -> (artifact id: '81f57ea3f0c9386240f6080339dfd567') in 0.021257 seconds
  Import took 0.031952 seconds .

========================================================================
Received Import Request.
  Time since last request: 0.000378 seconds.
  path: Assets/Prefabs/npc/Remy_Top_Normal 1.png
  artifactKey: Guid(e1bc62f93063b124898f64e727335fb1) Importer(815301076,1909f56bfc062723c751e8b465ee728b)
Start importing Assets/Prefabs/npc/Remy_Top_Normal 1.png using Guid(e1bc62f93063b124898f64e727335fb1) Importer(815301076,1909f56bfc062723c751e8b465ee728b)  -> (artifact id: '564f900a26552c3feed715225abfac14') in 0.036955 seconds
  Import took 0.039899 seconds .

========================================================================
Received Import Request.
  Time since last request: 0.000331 seconds.
  path: Assets/Prefabs/npc/Remy_Top_Specular.png
  artifactKey: Guid(d2c29a50d10377f4d905c95dd7fc4855) Importer(815301076,1909f56bfc062723c751e8b465ee728b)
Start importing Assets/Prefabs/npc/Remy_Top_Specular.png using Guid(d2c29a50d10377f4d905c95dd7fc4855) Importer(815301076,1909f56bfc062723c751e8b465ee728b)  -> (artifact id: 'b835add9578ed576f96d5b86b470bcb8') in 0.040939 seconds
  Import took 0.044683 seconds .

========================================================================
Received Import Request.
  Time since last request: 0.000512 seconds.
  path: Assets/Prefabs/npc/Topmat.mat
  artifactKey: Guid(cc4f0cd3ce2206840afe1b50374a0c73) Importer(815301076,1909f56bfc062723c751e8b465ee728b)
Start importing Assets/Prefabs/npc/Topmat.mat using Guid(cc4f0cd3ce2206840afe1b50374a0c73) Importer(815301076,1909f56bfc062723c751e8b465ee728b)  -> (artifact id: '30f2cb26c648dfeac8b715be5a1eb3c1') in 0.090194 seconds
  Import took 0.095594 seconds .

========================================================================
Received Import Request.
  Time since last request: 0.000451 seconds.
  path: Assets/Prefabs/npc/Remy_Top_Opacity.png
  artifactKey: Guid(67313a8320e69bb4d870ec11d4f51376) Importer(815301076,1909f56bfc062723c751e8b465ee728b)
Start importing Assets/Prefabs/npc/Remy_Top_Opacity.png using Guid(67313a8320e69bb4d870ec11d4f51376) Importer(815301076,1909f56bfc062723c751e8b465ee728b)  -> (artifact id: '517b88ee0f4e44d108446cddec95d749') in 0.026897 seconds
  Import took 0.031936 seconds .

========================================================================
Received Import Request.
  Time since last request: 0.000457 seconds.
  path: Assets/Prefabs/npc/Remy_Top_Normal.png
  artifactKey: Guid(8cb1f17530904eb40aafee750a035d5b) Importer(815301076,1909f56bfc062723c751e8b465ee728b)
Start importing Assets/Prefabs/npc/Remy_Top_Normal.png using Guid(8cb1f17530904eb40aafee750a035d5b) Importer(815301076,1909f56bfc062723c751e8b465ee728b)  -> (artifact id: 'cecc5601a1c3537795578f10a165148e') in 0.038386 seconds
  Import took 0.042908 seconds .

========================================================================
Received Import Request.
  Time since last request: 0.000379 seconds.
  path: Assets/Prefabs/npc/Remy_Top_Opacity 1.png
  artifactKey: Guid(9f80b3dbe20c176479771cdb4fc97631) Importer(815301076,1909f56bfc062723c751e8b465ee728b)
Start importing Assets/Prefabs/npc/Remy_Top_Opacity 1.png using Guid(9f80b3dbe20c176479771cdb4fc97631) Importer(815301076,1909f56bfc062723c751e8b465ee728b)  -> (artifact id: '50ceaa7b93cb9034ab9f3e065a210628') in 0.025734 seconds
  Import took 0.029308 seconds .

========================================================================
Received Import Request.
  Time since last request: 0.000431 seconds.
  path: Assets/Prefabs/npc/Remy_Top_Specular 1.png
  artifactKey: Guid(4715af94c5ffeee409fd449b7ad6f891) Importer(815301076,1909f56bfc062723c751e8b465ee728b)
Start importing Assets/Prefabs/npc/Remy_Top_Specular 1.png using Guid(4715af94c5ffeee409fd449b7ad6f891) Importer(815301076,1909f56bfc062723c751e8b465ee728b)  -> (artifact id: 'e2ef333088518af4afbb2cbb40fb3106') in 0.018391 seconds
  Import took 0.021041 seconds .

========================================================================
Received Import Request.
  Time since last request: 0.000353 seconds.
  path: Assets/Prefabs/npc/Remy_Hair_Specular.png
  artifactKey: Guid(97ed06bd693e5c147a64439980497ea6) Importer(815301076,1909f56bfc062723c751e8b465ee728b)
Start importing Assets/Prefabs/npc/Remy_Hair_Specular.png using Guid(97ed06bd693e5c147a64439980497ea6) Importer(815301076,1909f56bfc062723c751e8b465ee728b)  -> (artifact id: '8d7cfe43acd0f6e91a7194e2fcf55ffc') in 0.027202 seconds
  Import took 0.031556 seconds .

========================================================================
Received Import Request.
  Time since last request: 0.001261 seconds.
  path: Assets/Prefabs/npc/Shoesmat.mat
  artifactKey: Guid(689d3417c25adb84293f04cdd9280a40) Importer(815301076,1909f56bfc062723c751e8b465ee728b)
Start importing Assets/Prefabs/npc/Shoesmat.mat using Guid(689d3417c25adb84293f04cdd9280a40) Importer(815301076,1909f56bfc062723c751e8b465ee728b)  -> (artifact id: '56ccc06bec0840ab7d91d0cfdff7a035') in 0.030170 seconds
  Import took 0.034236 seconds .

========================================================================
Received Import Request.
  Time since last request: 30.822105 seconds.
  path: Assets/Prefabs/npc/Walking.anim
  artifactKey: Guid(34513224c9038594996ee5d517cbda09) Importer(815301076,1909f56bfc062723c751e8b465ee728b)
Start importing Assets/Prefabs/npc/Walking.anim using Guid(34513224c9038594996ee5d517cbda09) Importer(815301076,1909f56bfc062723c751e8b465ee728b)  -> (artifact id: 'aee130fcd81f2b3be032a960b1e34c3c') in 0.015133 seconds
  Import took 0.017741 seconds .

========================================================================
Received Import Request.
  Time since last request: 0.021194 seconds.
  path: Assets/Prefabs/npc/Walking.anim
  artifactKey: Guid(34513224c9038594996ee5d517cbda09) Importer(815301076,1909f56bfc062723c751e8b465ee728b)
Start importing Assets/Prefabs/npc/Walking.anim using Guid(34513224c9038594996ee5d517cbda09) Importer(815301076,1909f56bfc062723c751e8b465ee728b)  -> (artifact id: 'aee130fcd81f2b3be032a960b1e34c3c') in 0.013028 seconds
  Import took 0.015585 seconds .

========================================================================
Received Import Request.
  Time since last request: 39.953936 seconds.
  path: Assets/Prefabs/npc/Sleeping Idle.anim
  artifactKey: Guid(4e64bd58b80aaae46910d9f5f4075219) Importer(815301076,1909f56bfc062723c751e8b465ee728b)
Start importing Assets/Prefabs/npc/Sleeping Idle.anim using Guid(4e64bd58b80aaae46910d9f5f4075219) Importer(815301076,1909f56bfc062723c751e8b465ee728b)  -> (artifact id: 'b4ec49b1ba9006a11806814dc4edbaa5') in 0.045233 seconds
  Import took 0.050929 seconds .

========================================================================
Received Import Request.
  Time since last request: 41.306560 seconds.
  path: Assets/Prefabs/npc/Orc Idle.anim
  artifactKey: Guid(28192ee1c346a374cb380aa43724ae85) Importer(815301076,1909f56bfc062723c751e8b465ee728b)
Start importing Assets/Prefabs/npc/Orc Idle.anim using Guid(28192ee1c346a374cb380aa43724ae85) Importer(815301076,1909f56bfc062723c751e8b465ee728b)  -> (artifact id: '63d24a357e0b459afa1f74769e491422') in 0.014806 seconds
  Import took 0.017029 seconds .

========================================================================
Received Prepare
Registering precompiled user dll's ...
Registered in 0.001137 seconds.
Begin MonoManager ReloadAssembly
Native extension for WindowsStandalone target not found
Refreshing native plugins compatible for Editor in 0.31 ms, found 0 plugins.
Preloading 0 native plugins for Editor in 0.00 ms.
Invoked RoslynAnalysisRunner static constructor.
RoslynAnalysisRunner will not be running.
RoslynAnalysisRunner has terminated.
Mono: successfully reloaded assembly
- Completed reload, in  0.846 seconds
Platform modules already initialized, skipping
Refreshing native plugins compatible for Editor in 0.30 ms, found 0 plugins.
Preloading 0 native plugins for Editor in 0.00 ms.
Unloading 1108 Unused Serialized files (Serialized files now loaded: 0)
System memory in use before: 63.2 MB.
System memory in use after: 63.2 MB.

Unloading 5 unused Assets to reduce memory usage. Loaded Objects now: 1626.
Total: 8.573900 ms (FindLiveObjects: 0.827600 ms CreateObjectMapping: 2.159900 ms MarkObjects: 5.450200 ms  DeleteObjects: 0.128500 ms)

========================================================================
Received Import Request.
  Time since last request: 409.873362 seconds.
  path: Assets/Materials/glass.mat
  artifactKey: Guid(943c6fb4bdd353b489172039d676be9f) Importer(815301076,1909f56bfc062723c751e8b465ee728b)
Start importing Assets/Materials/glass.mat using Guid(943c6fb4bdd353b489172039d676be9f) Importer(815301076,1909f56bfc062723c751e8b465ee728b)  -> (artifact id: '09f34dc1af3f04341571b55b9490d216') in 0.071722 seconds
  Import took 0.074545 seconds .

========================================================================
Received Import Request.
  Time since last request: 141.442560 seconds.
  path: Assets/Prefabs/kitchen_creation_kit/kitchen_creation_kit.FBX
  artifactKey: Guid(ec40b66161fcdf5458ccee83032f58c3) Importer(815301076,1909f56bfc062723c751e8b465ee728b)
Start importing Assets/Prefabs/kitchen_creation_kit/kitchen_creation_kit.FBX using Guid(ec40b66161fcdf5458ccee83032f58c3) Importer(815301076,1909f56bfc062723c751e8b465ee728b)  -> (artifact id: 'b570471785fbcad3139776e8a2a35c43') in 0.401301 seconds
  Import took 0.405326 seconds .

========================================================================
Received Prepare
Registering precompiled user dll's ...
Registered in 0.001197 seconds.
Begin MonoManager ReloadAssembly
Native extension for WindowsStandalone target not found
Refreshing native plugins compatible for Editor in 0.31 ms, found 0 plugins.
Preloading 0 native plugins for Editor in 0.00 ms.
Invoked RoslynAnalysisRunner static constructor.
RoslynAnalysisRunner will not be running.
RoslynAnalysisRunner has terminated.
Mono: successfully reloaded assembly
- Completed reload, in  0.919 seconds
Platform modules already initialized, skipping
Refreshing native plugins compatible for Editor in 0.27 ms, found 0 plugins.
Preloading 0 native plugins for Editor in 0.00 ms.
Unloading 1108 Unused Serialized files (Serialized files now loaded: 0)
System memory in use before: 63.5 MB.
System memory in use after: 63.5 MB.

Unloading 5 unused Assets to reduce memory usage. Loaded Objects now: 1632.
Total: 2.709700 ms (FindLiveObjects: 0.285300 ms CreateObjectMapping: 0.080000 ms MarkObjects: 2.280500 ms  DeleteObjects: 0.062200 ms)

========================================================================
Received Prepare
Registering precompiled user dll's ...
Registered in 0.001302 seconds.
Begin MonoManager ReloadAssembly
Native extension for WindowsStandalone target not found
Refreshing native plugins compatible for Editor in 0.26 ms, found 0 plugins.
Preloading 0 native plugins for Editor in 0.00 ms.
Invoked RoslynAnalysisRunner static constructor.
RoslynAnalysisRunner will not be running.
RoslynAnalysisRunner has terminated.
Mono: successfully reloaded assembly
- Completed reload, in  0.925 seconds
Platform modules already initialized, skipping
Refreshing native plugins compatible for Editor in 0.30 ms, found 0 plugins.
Preloading 0 native plugins for Editor in 0.00 ms.
Unloading 1108 Unused Serialized files (Serialized files now loaded: 0)
System memory in use before: 63.5 MB.
System memory in use after: 63.5 MB.

Unloading 5 unused Assets to reduce memory usage. Loaded Objects now: 1634.
Total: 2.322100 ms (FindLiveObjects: 0.215800 ms CreateObjectMapping: 0.061100 ms MarkObjects: 1.987000 ms  DeleteObjects: 0.055600 ms)

========================================================================
Received Prepare
Registering precompiled user dll's ...
Registered in 0.001612 seconds.
Begin MonoManager ReloadAssembly
Native extension for WindowsStandalone target not found
Refreshing native plugins compatible for Editor in 0.42 ms, found 0 plugins.
Preloading 0 native plugins for Editor in 0.00 ms.
Invoked RoslynAnalysisRunner static constructor.
RoslynAnalysisRunner will not be running.
RoslynAnalysisRunner has terminated.
Mono: successfully reloaded assembly
- Completed reload, in  1.477 seconds
Platform modules already initialized, skipping
Refreshing native plugins compatible for Editor in 0.80 ms, found 0 plugins.
Preloading 0 native plugins for Editor in 0.00 ms.
Unloading 1108 Unused Serialized files (Serialized files now loaded: 0)
System memory in use before: 63.5 MB.
System memory in use after: 63.6 MB.

Unloading 5 unused Assets to reduce memory usage. Loaded Objects now: 1636.
Total: 4.768900 ms (FindLiveObjects: 0.640100 ms CreateObjectMapping: 0.669800 ms MarkObjects: 3.348200 ms  DeleteObjects: 0.107900 ms)

========================================================================
Received Prepare
Registering precompiled user dll's ...
Registered in 0.001579 seconds.
Begin MonoManager ReloadAssembly
Native extension for WindowsStandalone target not found
Refreshing native plugins compatible for Editor in 0.40 ms, found 0 plugins.
Preloading 0 native plugins for Editor in 0.00 ms.
Invoked RoslynAnalysisRunner static constructor.
RoslynAnalysisRunner will not be running.
RoslynAnalysisRunner has terminated.
Mono: successfully reloaded assembly
- Completed reload, in  0.951 seconds
Platform modules already initialized, skipping
Refreshing native plugins compatible for Editor in 0.31 ms, found 0 plugins.
Preloading 0 native plugins for Editor in 0.00 ms.
Unloading 1108 Unused Serialized files (Serialized files now loaded: 0)
System memory in use before: 63.5 MB.
System memory in use after: 63.6 MB.

Unloading 5 unused Assets to reduce memory usage. Loaded Objects now: 1638.
Total: 3.705500 ms (FindLiveObjects: 0.285000 ms CreateObjectMapping: 0.106800 ms MarkObjects: 3.207100 ms  DeleteObjects: 0.105100 ms)

========================================================================
Received Prepare
Registering precompiled user dll's ...
Registered in 0.001420 seconds.
Begin MonoManager ReloadAssembly
Native extension for WindowsStandalone target not found
Refreshing native plugins compatible for Editor in 0.30 ms, found 0 plugins.
Preloading 0 native plugins for Editor in 0.00 ms.
Invoked RoslynAnalysisRunner static constructor.
RoslynAnalysisRunner will not be running.
RoslynAnalysisRunner has terminated.
Mono: successfully reloaded assembly
- Completed reload, in  0.873 seconds
Platform modules already initialized, skipping
Refreshing native plugins compatible for Editor in 0.28 ms, found 0 plugins.
Preloading 0 native plugins for Editor in 0.00 ms.
Unloading 1108 Unused Serialized files (Serialized files now loaded: 0)
System memory in use before: 63.5 MB.
System memory in use after: 63.6 MB.

Unloading 5 unused Assets to reduce memory usage. Loaded Objects now: 1640.
Total: 2.171600 ms (FindLiveObjects: 0.364900 ms CreateObjectMapping: 0.073500 ms MarkObjects: 1.670500 ms  DeleteObjects: 0.061200 ms)

========================================================================
Received Prepare
Registering precompiled user dll's ...
Registered in 0.001907 seconds.
Begin MonoManager ReloadAssembly
Native extension for WindowsStandalone target not found
Refreshing native plugins compatible for Editor in 0.27 ms, found 0 plugins.
Preloading 0 native plugins for Editor in 0.00 ms.
Invoked RoslynAnalysisRunner static constructor.
RoslynAnalysisRunner will not be running.
RoslynAnalysisRunner has terminated.
Mono: successfully reloaded assembly
- Completed reload, in  1.011 seconds
Platform modules already initialized, skipping
Refreshing native plugins compatible for Editor in 0.36 ms, found 0 plugins.
Preloading 0 native plugins for Editor in 0.00 ms.
Unloading 1108 Unused Serialized files (Serialized files now loaded: 0)
System memory in use before: 63.5 MB.
System memory in use after: 63.6 MB.

Unloading 5 unused Assets to reduce memory usage. Loaded Objects now: 1642.
Total: 3.297400 ms (FindLiveObjects: 0.253700 ms CreateObjectMapping: 0.070400 ms MarkObjects: 2.868800 ms  DeleteObjects: 0.101900 ms)

========================================================================
Received Prepare
Registering precompiled user dll's ...
Registered in 0.002338 seconds.
Begin MonoManager ReloadAssembly
Native extension for WindowsStandalone target not found
Refreshing native plugins compatible for Editor in 0.26 ms, found 0 plugins.
Preloading 0 native plugins for Editor in 0.00 ms.
Invoked RoslynAnalysisRunner static constructor.
RoslynAnalysisRunner will not be running.
RoslynAnalysisRunner has terminated.
Mono: successfully reloaded assembly
- Completed reload, in  0.869 seconds
Platform modules already initialized, skipping
Refreshing native plugins compatible for Editor in 0.30 ms, found 0 plugins.
Preloading 0 native plugins for Editor in 0.00 ms.
Unloading 1108 Unused Serialized files (Serialized files now loaded: 0)
System memory in use before: 63.5 MB.
System memory in use after: 63.6 MB.

Unloading 5 unused Assets to reduce memory usage. Loaded Objects now: 1644.
Total: 2.222700 ms (FindLiveObjects: 0.141400 ms CreateObjectMapping: 0.032800 ms MarkObjects: 1.989200 ms  DeleteObjects: 0.057400 ms)

========================================================================
Received Import Request.
  Time since last request: 1878.865160 seconds.
  path: Assets/Animations/RemyAnim.controller
  artifactKey: Guid(821d18461b03a2149b2a69678b358b89) Importer(815301076,1909f56bfc062723c751e8b465ee728b)
Start importing Assets/Animations/RemyAnim.controller using Guid(821d18461b03a2149b2a69678b358b89) Importer(815301076,1909f56bfc062723c751e8b465ee728b)  -> (artifact id: '02c2a6d3d8ac3fa42e81008b8fa2fefe') in 0.019251 seconds
  Import took 0.021645 seconds .

========================================================================
Received Import Request.
  Time since last request: 15.649765 seconds.
  path: Assets/Prefabs/npc/Orc Idle 1.anim
  artifactKey: Guid(d40ad363fb9f17649bac5e6879f2e7d3) Importer(815301076,1909f56bfc062723c751e8b465ee728b)
Start importing Assets/Prefabs/npc/Orc Idle 1.anim using Guid(d40ad363fb9f17649bac5e6879f2e7d3) Importer(815301076,1909f56bfc062723c751e8b465ee728b)  -> (artifact id: '6ba0f93c578a8ee8c5def6dd6dfa1c08') in 0.016098 seconds
  Import took 0.018253 seconds .

========================================================================
Received Import Request.
  Time since last request: 11.503155 seconds.
  path: Assets/Prefabs/npc/Soccer Idle.anim
  artifactKey: Guid(a119a571784ae9044ae195db68b6deb8) Importer(815301076,1909f56bfc062723c751e8b465ee728b)
Start importing Assets/Prefabs/npc/Soccer Idle.anim using Guid(a119a571784ae9044ae195db68b6deb8) Importer(815301076,1909f56bfc062723c751e8b465ee728b)  -> (artifact id: 'a2f2ff8e170030649829212153878751') in 0.029947 seconds
  Import took 0.033022 seconds .

========================================================================
Received Import Request.
  Time since last request: 31.307835 seconds.
  path: Assets/Prefabs/npc/Happy Idle.anim
  artifactKey: Guid(a019ff945ccba044a892181eaeaa7b86) Importer(815301076,1909f56bfc062723c751e8b465ee728b)
Start importing Assets/Prefabs/npc/Happy Idle.anim using Guid(a019ff945ccba044a892181eaeaa7b86) Importer(815301076,1909f56bfc062723c751e8b465ee728b)  -> (artifact id: '9bdf579771eb445a3cde2af939b971d6') in 0.018000 seconds
  Import took 0.020614 seconds .

========================================================================
Received Import Request.
  Time since last request: 21.623670 seconds.
  path: Assets/Prefabs/npc/remy.fbx
  artifactKey: Guid(f81ab0613f1d94a4bbe8782b9844bf3f) Importer(815301076,1909f56bfc062723c751e8b465ee728b)
Start importing Assets/Prefabs/npc/remy.fbx using Guid(f81ab0613f1d94a4bbe8782b9844bf3f) Importer(815301076,1909f56bfc062723c751e8b465ee728b)  -> (artifact id: '3e3f7ee0e1e2b9739d23ba66a19fcbc5') in 0.249154 seconds
  Import took 0.254324 seconds .

========================================================================
Received Prepare
Registering precompiled user dll's ...
Registered in 0.001390 seconds.
Begin MonoManager ReloadAssembly
Native extension for WindowsStandalone target not found
Refreshing native plugins compatible for Editor in 0.26 ms, found 0 plugins.
Preloading 0 native plugins for Editor in 0.00 ms.
Invoked RoslynAnalysisRunner static constructor.
RoslynAnalysisRunner will not be running.
RoslynAnalysisRunner has terminated.
Mono: successfully reloaded assembly
- Completed reload, in  0.833 seconds
Platform modules already initialized, skipping
Refreshing native plugins compatible for Editor in 0.28 ms, found 0 plugins.
Preloading 0 native plugins for Editor in 0.00 ms.
Unloading 1108 Unused Serialized files (Serialized files now loaded: 0)
System memory in use before: 77.3 MB.
System memory in use after: 77.4 MB.

Unloading 5 unused Assets to reduce memory usage. Loaded Objects now: 1648.
Total: 2.555900 ms (FindLiveObjects: 0.213400 ms CreateObjectMapping: 0.055600 ms MarkObjects: 2.231900 ms  DeleteObjects: 0.053700 ms)

========================================================================
Received Prepare
Registering precompiled user dll's ...
Registered in 0.001203 seconds.
Begin MonoManager ReloadAssembly
Native extension for WindowsStandalone target not found
Refreshing native plugins compatible for Editor in 0.27 ms, found 0 plugins.
Preloading 0 native plugins for Editor in 0.00 ms.
Invoked RoslynAnalysisRunner static constructor.
RoslynAnalysisRunner will not be running.
RoslynAnalysisRunner has terminated.
Mono: successfully reloaded assembly
- Completed reload, in  0.873 seconds
Platform modules already initialized, skipping
Refreshing native plugins compatible for Editor in 0.28 ms, found 0 plugins.
Preloading 0 native plugins for Editor in 0.00 ms.
Unloading 1108 Unused Serialized files (Serialized files now loaded: 0)
System memory in use before: 77.3 MB.
System memory in use after: 77.4 MB.

Unloading 5 unused Assets to reduce memory usage. Loaded Objects now: 1650.
Total: 2.867300 ms (FindLiveObjects: 0.215800 ms CreateObjectMapping: 0.064100 ms MarkObjects: 2.500600 ms  DeleteObjects: 0.082900 ms)

========================================================================
Received Import Request.
  Time since last request: 297.449949 seconds.
  path: Assets/Scripts/RemyMotion.cs
  artifactKey: Guid(26b5183148f0b2144a9bed29a11af66f) Importer(815301076,1909f56bfc062723c751e8b465ee728b)
Start importing Assets/Scripts/RemyMotion.cs using Guid(26b5183148f0b2144a9bed29a11af66f) Importer(815301076,1909f56bfc062723c751e8b465ee728b)  -> (artifact id: 'e56e50aee241b5f6cd1ed5dd4126ecd9') in 0.009787 seconds
  Import took 0.012565 seconds .

========================================================================
Received Prepare
Registering precompiled user dll's ...
Registered in 0.001118 seconds.
Begin MonoManager ReloadAssembly
Native extension for WindowsStandalone target not found
Refreshing native plugins compatible for Editor in 0.25 ms, found 0 plugins.
Preloading 0 native plugins for Editor in 0.00 ms.
Invoked RoslynAnalysisRunner static constructor.
RoslynAnalysisRunner will not be running.
RoslynAnalysisRunner has terminated.
Mono: successfully reloaded assembly
- Completed reload, in  0.894 seconds
Platform modules already initialized, skipping
Refreshing native plugins compatible for Editor in 0.28 ms, found 0 plugins.
Preloading 0 native plugins for Editor in 0.00 ms.
Unloading 1109 Unused Serialized files (Serialized files now loaded: 0)
System memory in use before: 77.3 MB.
System memory in use after: 77.4 MB.

Unloading 5 unused Assets to reduce memory usage. Loaded Objects now: 1653.
Total: 6.183400 ms (FindLiveObjects: 2.834800 ms CreateObjectMapping: 0.587100 ms MarkObjects: 2.686500 ms  DeleteObjects: 0.067800 ms)

========================================================================
Received Prepare
Registering precompiled user dll's ...
Registered in 0.001195 seconds.
Begin MonoManager ReloadAssembly
Native extension for WindowsStandalone target not found
Refreshing native plugins compatible for Editor in 0.25 ms, found 0 plugins.
Preloading 0 native plugins for Editor in 0.00 ms.
Invoked RoslynAnalysisRunner static constructor.
RoslynAnalysisRunner will not be running.
RoslynAnalysisRunner has terminated.
Mono: successfully reloaded assembly
- Completed reload, in  0.851 seconds
Platform modules already initialized, skipping
Refreshing native plugins compatible for Editor in 0.34 ms, found 0 plugins.
Preloading 0 native plugins for Editor in 0.00 ms.
Unloading 1109 Unused Serialized files (Serialized files now loaded: 0)
System memory in use before: 77.3 MB.
System memory in use after: 77.4 MB.

Unloading 5 unused Assets to reduce memory usage. Loaded Objects now: 1655.
Total: 1.881700 ms (FindLiveObjects: 0.150700 ms CreateObjectMapping: 0.031600 ms MarkObjects: 1.640300 ms  DeleteObjects: 0.057600 ms)

========================================================================
Received Import Request.
  Time since last request: 958.310497 seconds.
  path: Assets/Scripts/RemyMotion.cs
  artifactKey: Guid(26b5183148f0b2144a9bed29a11af66f) Importer(815301076,1909f56bfc062723c751e8b465ee728b)
Start importing Assets/Scripts/RemyMotion.cs using Guid(26b5183148f0b2144a9bed29a11af66f) Importer(815301076,1909f56bfc062723c751e8b465ee728b)  -> (artifact id: '0b2a35525effd8494c7c5ba0ebbf723e') in 0.005734 seconds
  Import took 0.008462 seconds .

========================================================================
Received Prepare
Registering precompiled user dll's ...
Registered in 0.001521 seconds.
Begin MonoManager ReloadAssembly
Native extension for WindowsStandalone target not found
Refreshing native plugins compatible for Editor in 0.27 ms, found 0 plugins.
Preloading 0 native plugins for Editor in 0.00 ms.
Invoked RoslynAnalysisRunner static constructor.
RoslynAnalysisRunner will not be running.
RoslynAnalysisRunner has terminated.
Mono: successfully reloaded assembly
- Completed reload, in  0.915 seconds
Platform modules already initialized, skipping
Refreshing native plugins compatible for Editor in 0.26 ms, found 0 plugins.
Preloading 0 native plugins for Editor in 0.00 ms.
Unloading 1109 Unused Serialized files (Serialized files now loaded: 0)
System memory in use before: 77.3 MB.
System memory in use after: 77.4 MB.

Unloading 5 unused Assets to reduce memory usage. Loaded Objects now: 1657.
Total: 3.120100 ms (FindLiveObjects: 0.210600 ms CreateObjectMapping: 0.078100 ms MarkObjects: 2.779300 ms  DeleteObjects: 0.050800 ms)

========================================================================
Received Prepare
Registering precompiled user dll's ...
Registered in 0.001092 seconds.
Begin MonoManager ReloadAssembly
Native extension for WindowsStandalone target not found
Refreshing native plugins compatible for Editor in 0.39 ms, found 0 plugins.
Preloading 0 native plugins for Editor in 0.00 ms.
Invoked RoslynAnalysisRunner static constructor.
RoslynAnalysisRunner will not be running.
RoslynAnalysisRunner has terminated.
Mono: successfully reloaded assembly
- Completed reload, in  0.881 seconds
Platform modules already initialized, skipping
Refreshing native plugins compatible for Editor in 1.60 ms, found 0 plugins.
Preloading 0 native plugins for Editor in 0.00 ms.
Unloading 1109 Unused Serialized files (Serialized files now loaded: 0)
System memory in use before: 77.3 MB.
System memory in use after: 77.4 MB.

Unloading 5 unused Assets to reduce memory usage. Loaded Objects now: 1659.
Total: 2.143100 ms (FindLiveObjects: 0.166000 ms CreateObjectMapping: 0.040400 ms MarkObjects: 1.884400 ms  DeleteObjects: 0.051300 ms)

========================================================================
Received Prepare
Registering precompiled user dll's ...
Registered in 0.001366 seconds.
Begin MonoManager ReloadAssembly
Native extension for WindowsStandalone target not found
Refreshing native plugins compatible for Editor in 0.50 ms, found 0 plugins.
Preloading 0 native plugins for Editor in 0.00 ms.
Invoked RoslynAnalysisRunner static constructor.
RoslynAnalysisRunner will not be running.
RoslynAnalysisRunner has terminated.
Mono: successfully reloaded assembly
- Completed reload, in  0.930 seconds
Platform modules already initialized, skipping
Refreshing native plugins compatible for Editor in 0.29 ms, found 0 plugins.
Preloading 0 native plugins for Editor in 0.00 ms.
Unloading 1109 Unused Serialized files (Serialized files now loaded: 0)
System memory in use before: 77.3 MB.
System memory in use after: 77.4 MB.

Unloading 5 unused Assets to reduce memory usage. Loaded Objects now: 1661.
Total: 3.578300 ms (FindLiveObjects: 0.873600 ms CreateObjectMapping: 0.085500 ms MarkObjects: 2.540400 ms  DeleteObjects: 0.074400 ms)

========================================================================
Received Prepare
Registering precompiled user dll's ...
Registered in 0.003264 seconds.
Begin MonoManager ReloadAssembly
Native extension for WindowsStandalone target not found
Refreshing native plugins compatible for Editor in 0.58 ms, found 0 plugins.
Preloading 0 native plugins for Editor in 0.00 ms.
Invoked RoslynAnalysisRunner static constructor.
RoslynAnalysisRunner will not be running.
RoslynAnalysisRunner has terminated.
Mono: successfully reloaded assembly
- Completed reload, in  1.993 seconds
Platform modules already initialized, skipping
Refreshing native plugins compatible for Editor in 0.97 ms, found 0 plugins.
Preloading 0 native plugins for Editor in 0.00 ms.
Unloading 1109 Unused Serialized files (Serialized files now loaded: 0)
System memory in use before: 77.4 MB.
System memory in use after: 77.5 MB.

Unloading 5 unused Assets to reduce memory usage. Loaded Objects now: 1663.
Total: 4.015500 ms (FindLiveObjects: 0.242100 ms CreateObjectMapping: 0.085500 ms MarkObjects: 3.589800 ms  DeleteObjects: 0.095300 ms)

========================================================================
Received Prepare
Registering precompiled user dll's ...
Registered in 0.003503 seconds.
Begin MonoManager ReloadAssembly
Native extension for WindowsStandalone target not found
Refreshing native plugins compatible for Editor in 0.64 ms, found 0 plugins.
Preloading 0 native plugins for Editor in 0.00 ms.
Invoked RoslynAnalysisRunner static constructor.
RoslynAnalysisRunner will not be running.
RoslynAnalysisRunner has terminated.
Mono: successfully reloaded assembly
- Completed reload, in  2.092 seconds
Platform modules already initialized, skipping
Refreshing native plugins compatible for Editor in 0.43 ms, found 0 plugins.
Preloading 0 native plugins for Editor in 0.00 ms.
Unloading 1109 Unused Serialized files (Serialized files now loaded: 0)
System memory in use before: 77.4 MB.
System memory in use after: 77.5 MB.

Unloading 5 unused Assets to reduce memory usage. Loaded Objects now: 1665.
Total: 4.305300 ms (FindLiveObjects: 0.265300 ms CreateObjectMapping: 0.068500 ms MarkObjects: 3.737100 ms  DeleteObjects: 0.231200 ms)

========================================================================
Received Prepare
Registering precompiled user dll's ...
Registered in 0.001287 seconds.
Begin MonoManager ReloadAssembly
Native extension for WindowsStandalone target not found
Refreshing native plugins compatible for Editor in 0.27 ms, found 0 plugins.
Preloading 0 native plugins for Editor in 0.00 ms.
Invoked RoslynAnalysisRunner static constructor.
RoslynAnalysisRunner will not be running.
RoslynAnalysisRunner has terminated.
Mono: successfully reloaded assembly
- Completed reload, in  0.944 seconds
Platform modules already initialized, skipping
Refreshing native plugins compatible for Editor in 0.34 ms, found 0 plugins.
Preloading 0 native plugins for Editor in 0.00 ms.
Unloading 1109 Unused Serialized files (Serialized files now loaded: 0)
System memory in use before: 77.4 MB.
System memory in use after: 77.5 MB.

Unloading 5 unused Assets to reduce memory usage. Loaded Objects now: 1667.
Total: 2.349500 ms (FindLiveObjects: 0.281600 ms CreateObjectMapping: 0.086500 ms MarkObjects: 1.896500 ms  DeleteObjects: 0.081500 ms)

========================================================================
Received Prepare
Registering precompiled user dll's ...
Registered in 0.001525 seconds.
Begin MonoManager ReloadAssembly
Native extension for WindowsStandalone target not found
Refreshing native plugins compatible for Editor in 0.26 ms, found 0 plugins.
Preloading 0 native plugins for Editor in 0.00 ms.
Invoked RoslynAnalysisRunner static constructor.
RoslynAnalysisRunner will not be running.
RoslynAnalysisRunner has terminated.
Mono: successfully reloaded assembly
- Completed reload, in  0.880 seconds
Platform modules already initialized, skipping
Refreshing native plugins compatible for Editor in 0.27 ms, found 0 plugins.
Preloading 0 native plugins for Editor in 0.00 ms.
Unloading 1109 Unused Serialized files (Serialized files now loaded: 0)
System memory in use before: 77.4 MB.
System memory in use after: 77.5 MB.

Unloading 5 unused Assets to reduce memory usage. Loaded Objects now: 1669.
Total: 2.406600 ms (FindLiveObjects: 0.228600 ms CreateObjectMapping: 0.089300 ms MarkObjects: 2.034400 ms  DeleteObjects: 0.052700 ms)

========================================================================
Received Prepare
Registering precompiled user dll's ...
Registered in 0.005775 seconds.
Begin MonoManager ReloadAssembly
Native extension for WindowsStandalone target not found
Refreshing native plugins compatible for Editor in 0.27 ms, found 0 plugins.
Preloading 0 native plugins for Editor in 0.00 ms.
Invoked RoslynAnalysisRunner static constructor.
RoslynAnalysisRunner will not be running.
RoslynAnalysisRunner has terminated.
Mono: successfully reloaded assembly
- Completed reload, in  1.001 seconds
Platform modules already initialized, skipping
Refreshing native plugins compatible for Editor in 0.36 ms, found 0 plugins.
Preloading 0 native plugins for Editor in 0.00 ms.
Unloading 1109 Unused Serialized files (Serialized files now loaded: 0)
System memory in use before: 77.4 MB.
System memory in use after: 77.5 MB.

Unloading 5 unused Assets to reduce memory usage. Loaded Objects now: 1671.
Total: 1.941000 ms (FindLiveObjects: 0.127800 ms CreateObjectMapping: 0.032300 ms MarkObjects: 1.727800 ms  DeleteObjects: 0.052100 ms)

========================================================================
Received Prepare
Registering precompiled user dll's ...
Registered in 0.002101 seconds.
Begin MonoManager ReloadAssembly
Native extension for WindowsStandalone target not found
Refreshing native plugins compatible for Editor in 0.47 ms, found 0 plugins.
Preloading 0 native plugins for Editor in 0.00 ms.
Invoked RoslynAnalysisRunner static constructor.
RoslynAnalysisRunner will not be running.
RoslynAnalysisRunner has terminated.
Mono: successfully reloaded assembly
- Completed reload, in  1.594 seconds
Platform modules already initialized, skipping
Refreshing native plugins compatible for Editor in 1.91 ms, found 0 plugins.
Preloading 0 native plugins for Editor in 0.00 ms.
Unloading 1109 Unused Serialized files (Serialized files now loaded: 0)
System memory in use before: 77.4 MB.
System memory in use after: 77.5 MB.

Unloading 5 unused Assets to reduce memory usage. Loaded Objects now: 1673.
Total: 4.237000 ms (FindLiveObjects: 0.570700 ms CreateObjectMapping: 0.191200 ms MarkObjects: 3.311600 ms  DeleteObjects: 0.155900 ms)

========================================================================
Received Prepare
Registering precompiled user dll's ...
Registered in 0.001267 seconds.
Begin MonoManager ReloadAssembly
Native extension for WindowsStandalone target not found
Refreshing native plugins compatible for Editor in 0.50 ms, found 0 plugins.
Preloading 0 native plugins for Editor in 0.00 ms.
Invoked RoslynAnalysisRunner static constructor.
RoslynAnalysisRunner will not be running.
RoslynAnalysisRunner has terminated.
Mono: successfully reloaded assembly
- Completed reload, in  0.984 seconds
Platform modules already initialized, skipping
Refreshing native plugins compatible for Editor in 0.27 ms, found 0 plugins.
Preloading 0 native plugins for Editor in 0.00 ms.
Unloading 1109 Unused Serialized files (Serialized files now loaded: 0)
System memory in use before: 77.4 MB.
System memory in use after: 77.5 MB.

Unloading 5 unused Assets to reduce memory usage. Loaded Objects now: 1675.
Total: 2.486200 ms (FindLiveObjects: 0.350200 ms CreateObjectMapping: 0.073700 ms MarkObjects: 2.009700 ms  DeleteObjects: 0.051700 ms)

========================================================================
Received Prepare
Registering precompiled user dll's ...
Registered in 0.001717 seconds.
Begin MonoManager ReloadAssembly
Native extension for WindowsStandalone target not found
Refreshing native plugins compatible for Editor in 0.25 ms, found 0 plugins.
Preloading 0 native plugins for Editor in 0.00 ms.
Invoked RoslynAnalysisRunner static constructor.
RoslynAnalysisRunner will not be running.
RoslynAnalysisRunner has terminated.
Mono: successfully reloaded assembly
- Completed reload, in  0.833 seconds
Platform modules already initialized, skipping
Refreshing native plugins compatible for Editor in 0.26 ms, found 0 plugins.
Preloading 0 native plugins for Editor in 0.00 ms.
Unloading 1109 Unused Serialized files (Serialized files now loaded: 0)
System memory in use before: 77.4 MB.
System memory in use after: 77.5 MB.

Unloading 5 unused Assets to reduce memory usage. Loaded Objects now: 1677.
Total: 2.181300 ms (FindLiveObjects: 0.240800 ms CreateObjectMapping: 0.066300 ms MarkObjects: 1.752900 ms  DeleteObjects: 0.118300 ms)

========================================================================
Received Prepare
Registering precompiled user dll's ...
Registered in 0.002586 seconds.
Begin MonoManager ReloadAssembly
Native extension for WindowsStandalone target not found
Refreshing native plugins compatible for Editor in 0.31 ms, found 0 plugins.
Preloading 0 native plugins for Editor in 0.00 ms.
Invoked RoslynAnalysisRunner static constructor.
RoslynAnalysisRunner will not be running.
RoslynAnalysisRunner has terminated.
Mono: successfully reloaded assembly
- Completed reload, in  1.281 seconds
Platform modules already initialized, skipping
Refreshing native plugins compatible for Editor in 1.20 ms, found 0 plugins.
Preloading 0 native plugins for Editor in 0.00 ms.
Unloading 1109 Unused Serialized files (Serialized files now loaded: 0)
System memory in use before: 77.4 MB.
System memory in use after: 77.5 MB.

Unloading 5 unused Assets to reduce memory usage. Loaded Objects now: 1679.
Total: 4.493400 ms (FindLiveObjects: 0.366700 ms CreateObjectMapping: 0.151100 ms MarkObjects: 3.867100 ms  DeleteObjects: 0.105600 ms)

========================================================================
Received Import Request.
  Time since last request: 3834.171373 seconds.
  path: Assets/Prefabs/npc/remy.fbx
  artifactKey: Guid(f81ab0613f1d94a4bbe8782b9844bf3f) Importer(815301076,1909f56bfc062723c751e8b465ee728b)
Start importing Assets/Prefabs/npc/remy.fbx using Guid(f81ab0613f1d94a4bbe8782b9844bf3f) Importer(815301076,1909f56bfc062723c751e8b465ee728b)  -> (artifact id: 'be4cc24b18563fc513e29341196099eb') in 1.703698 seconds
  Import took 1.884146 seconds .

========================================================================
Received Import Request.
  Time since last request: 0.000569 seconds.
  path: Assets/Prefabs/npc/remy@Sitting.fbx
  artifactKey: Guid(459caedd2e06f034f9688ee1769d78f3) Importer(815301076,1909f56bfc062723c751e8b465ee728b)
Start importing Assets/Prefabs/npc/remy@Sitting.fbx using Guid(459caedd2e06f034f9688ee1769d78f3) Importer(815301076,1909f56bfc062723c751e8b465ee728b)  -> (artifact id: '033e693841cbf4918792c915db335628') in 1.445307 seconds
  Import took 1.481127 seconds .

========================================================================
Received Import Request.
  Time since last request: 133.236421 seconds.
  path: Assets/Prefabs/npc/Sitting.anim
  artifactKey: Guid(60677e42574e4d84cabcdea98048aa0f) Importer(815301076,1909f56bfc062723c751e8b465ee728b)
Start importing Assets/Prefabs/npc/Sitting.anim using Guid(60677e42574e4d84cabcdea98048aa0f) Importer(815301076,1909f56bfc062723c751e8b465ee728b)  -> (artifact id: 'd962a388ae1764b616304c4d683efd96') in 0.080656 seconds
  Import took 0.093342 seconds .

========================================================================
Received Import Request.
  Time since last request: 0.032260 seconds.
  path: Assets/Prefabs/npc/Sitting.anim
  artifactKey: Guid(60677e42574e4d84cabcdea98048aa0f) Importer(815301076,1909f56bfc062723c751e8b465ee728b)
Start importing Assets/Prefabs/npc/Sitting.anim using Guid(60677e42574e4d84cabcdea98048aa0f) Importer(815301076,1909f56bfc062723c751e8b465ee728b)  -> (artifact id: 'd962a388ae1764b616304c4d683efd96') in 0.077423 seconds
  Import took 0.090129 seconds .

========================================================================
Received Prepare
Registering precompiled user dll's ...
Registered in 0.004552 seconds.
Begin MonoManager ReloadAssembly
Native extension for WindowsStandalone target not found
Refreshing native plugins compatible for Editor in 1.83 ms, found 0 plugins.
Preloading 0 native plugins for Editor in 0.00 ms.
Invoked RoslynAnalysisRunner static constructor.
RoslynAnalysisRunner will not be running.
RoslynAnalysisRunner has terminated.
Mono: successfully reloaded assembly
- Completed reload, in  4.760 seconds
Platform modules already initialized, skipping
Refreshing native plugins compatible for Editor in 0.55 ms, found 0 plugins.
Preloading 0 native plugins for Editor in 0.00 ms.
Unloading 1109 Unused Serialized files (Serialized files now loaded: 0)
System memory in use before: 77.5 MB.
System memory in use after: 77.5 MB.

Unloading 5 unused Assets to reduce memory usage. Loaded Objects now: 1682.
Total: 4.722200 ms (FindLiveObjects: 0.471900 ms CreateObjectMapping: 0.223200 ms MarkObjects: 3.905800 ms  DeleteObjects: 0.118200 ms)

========================================================================
Received Prepare
Registering precompiled user dll's ...
Registered in 0.006832 seconds.
Begin MonoManager ReloadAssembly
Native extension for WindowsStandalone target not found
Refreshing native plugins compatible for Editor in 0.69 ms, found 0 plugins.
Preloading 0 native plugins for Editor in 0.00 ms.
Invoked RoslynAnalysisRunner static constructor.
RoslynAnalysisRunner will not be running.
RoslynAnalysisRunner has terminated.
Mono: successfully reloaded assembly
- Completed reload, in  4.699 seconds
Platform modules already initialized, skipping
Refreshing native plugins compatible for Editor in 2.77 ms, found 0 plugins.
Preloading 0 native plugins for Editor in 0.00 ms.
Unloading 1109 Unused Serialized files (Serialized files now loaded: 0)
System memory in use before: 77.5 MB.
System memory in use after: 77.5 MB.

Unloading 5 unused Assets to reduce memory usage. Loaded Objects now: 1684.
Total: 9.597200 ms (FindLiveObjects: 1.393100 ms CreateObjectMapping: 0.965800 ms MarkObjects: 7.019100 ms  DeleteObjects: 0.215300 ms)

========================================================================
Received Prepare
Registering precompiled user dll's ...
Registered in 0.002458 seconds.
Begin MonoManager ReloadAssembly
Native extension for WindowsStandalone target not found
Refreshing native plugins compatible for Editor in 1.26 ms, found 0 plugins.
Preloading 0 native plugins for Editor in 0.00 ms.
Invoked RoslynAnalysisRunner static constructor.
RoslynAnalysisRunner will not be running.
RoslynAnalysisRunner has terminated.
Mono: successfully reloaded assembly
- Completed reload, in  2.312 seconds
Platform modules already initialized, skipping
Refreshing native plugins compatible for Editor in 0.48 ms, found 0 plugins.
Preloading 0 native plugins for Editor in 0.00 ms.
Unloading 1109 Unused Serialized files (Serialized files now loaded: 0)
System memory in use before: 77.5 MB.
System memory in use after: 77.5 MB.

Unloading 5 unused Assets to reduce memory usage. Loaded Objects now: 1686.
Total: 3.375400 ms (FindLiveObjects: 0.255300 ms CreateObjectMapping: 0.069000 ms MarkObjects: 2.920000 ms  DeleteObjects: 0.127800 ms)

========================================================================
Received Prepare
Registering precompiled user dll's ...
Registered in 0.002569 seconds.
Begin MonoManager ReloadAssembly
Native extension for WindowsStandalone target not found
Refreshing native plugins compatible for Editor in 0.38 ms, found 0 plugins.
Preloading 0 native plugins for Editor in 0.00 ms.
Invoked RoslynAnalysisRunner static constructor.
RoslynAnalysisRunner will not be running.
RoslynAnalysisRunner has terminated.
Mono: successfully reloaded assembly
- Completed reload, in  1.653 seconds
Platform modules already initialized, skipping
Refreshing native plugins compatible for Editor in 0.46 ms, found 0 plugins.
Preloading 0 native plugins for Editor in 0.00 ms.
Unloading 1109 Unused Serialized files (Serialized files now loaded: 0)
System memory in use before: 77.5 MB.
System memory in use after: 77.5 MB.

Unloading 5 unused Assets to reduce memory usage. Loaded Objects now: 1688.
Total: 3.354200 ms (FindLiveObjects: 0.248400 ms CreateObjectMapping: 0.051200 ms MarkObjects: 2.941500 ms  DeleteObjects: 0.110800 ms)

========================================================================
Received Import Request.
  Time since last request: 725.256503 seconds.
  path: Assets/Prefabs/npc/remy.fbx
  artifactKey: Guid(f81ab0613f1d94a4bbe8782b9844bf3f) Importer(815301076,1909f56bfc062723c751e8b465ee728b)
Start importing Assets/Prefabs/npc/remy.fbx using Guid(f81ab0613f1d94a4bbe8782b9844bf3f) Importer(815301076,1909f56bfc062723c751e8b465ee728b)  -> (artifact id: 'da8539b748006ffc1d04a93ec3252a73') in 1.184915 seconds
  Import took 1.206861 seconds .

========================================================================
Received Import Request.
  Time since last request: 0.000488 seconds.
  path: Assets/Prefabs/npc/remy@Walking.fbx
  artifactKey: Guid(74c6bc45ebfe62f44a52cefe017c1bc7) Importer(815301076,1909f56bfc062723c751e8b465ee728b)
Start importing Assets/Prefabs/npc/remy@Walking.fbx using Guid(74c6bc45ebfe62f44a52cefe017c1bc7) Importer(815301076,1909f56bfc062723c751e8b465ee728b)  -> (artifact id: 'f6b1c2fdb5cc016f4ec3e83ed2e6237a') in 0.836640 seconds
  Import took 0.855219 seconds .

========================================================================
Received Import Request.
  Time since last request: 55.495757 seconds.
  path: Assets/Prefabs/npc/Walking 1.anim
  artifactKey: Guid(5abf110984edbd7489e89add26bbd13d) Importer(815301076,1909f56bfc062723c751e8b465ee728b)
Start importing Assets/Prefabs/npc/Walking 1.anim using Guid(5abf110984edbd7489e89add26bbd13d) Importer(815301076,1909f56bfc062723c751e8b465ee728b)  -> (artifact id: 'c0778ddf259b93397a66b2b69613bc34') in 0.025113 seconds
  Import took 0.030670 seconds .

========================================================================
Received Prepare
Registering precompiled user dll's ...
Registered in 0.002785 seconds.
Begin MonoManager ReloadAssembly
Native extension for WindowsStandalone target not found
Refreshing native plugins compatible for Editor in 0.65 ms, found 0 plugins.
Preloading 0 native plugins for Editor in 0.00 ms.
Invoked RoslynAnalysisRunner static constructor.
RoslynAnalysisRunner will not be running.
RoslynAnalysisRunner has terminated.
Mono: successfully reloaded assembly
- Completed reload, in  1.875 seconds
Platform modules already initialized, skipping
Refreshing native plugins compatible for Editor in 0.42 ms, found 0 plugins.
Preloading 0 native plugins for Editor in 0.00 ms.
Unloading 1109 Unused Serialized files (Serialized files now loaded: 0)
System memory in use before: 77.5 MB.
System memory in use after: 77.6 MB.

Unloading 5 unused Assets to reduce memory usage. Loaded Objects now: 1691.
Total: 7.228100 ms (FindLiveObjects: 0.774700 ms CreateObjectMapping: 0.112800 ms MarkObjects: 6.228700 ms  DeleteObjects: 0.108100 ms)

========================================================================
Received Prepare
Registering precompiled user dll's ...
Registered in 0.003463 seconds.
Begin MonoManager ReloadAssembly
Native extension for WindowsStandalone target not found
Refreshing native plugins compatible for Editor in 0.35 ms, found 0 plugins.
Preloading 0 native plugins for Editor in 0.00 ms.
Invoked RoslynAnalysisRunner static constructor.
RoslynAnalysisRunner will not be running.
RoslynAnalysisRunner has terminated.
Mono: successfully reloaded assembly
- Completed reload, in  1.725 seconds
Platform modules already initialized, skipping
Refreshing native plugins compatible for Editor in 0.37 ms, found 0 plugins.
Preloading 0 native plugins for Editor in 0.00 ms.
Unloading 1109 Unused Serialized files (Serialized files now loaded: 0)
System memory in use before: 77.5 MB.
System memory in use after: 77.6 MB.

Unloading 5 unused Assets to reduce memory usage. Loaded Objects now: 1693.
Total: 3.233700 ms (FindLiveObjects: 0.217400 ms CreateObjectMapping: 0.051400 ms MarkObjects: 2.881400 ms  DeleteObjects: 0.081600 ms)

========================================================================
Received Prepare
Registering precompiled user dll's ...
Registered in 0.004544 seconds.
Begin MonoManager ReloadAssembly
Native extension for WindowsStandalone target not found
Refreshing native plugins compatible for Editor in 1.50 ms, found 0 plugins.
Preloading 0 native plugins for Editor in 0.00 ms.
Invoked RoslynAnalysisRunner static constructor.
RoslynAnalysisRunner will not be running.
RoslynAnalysisRunner has terminated.
Mono: successfully reloaded assembly
- Completed reload, in  4.274 seconds
Platform modules already initialized, skipping
Refreshing native plugins compatible for Editor in 1.53 ms, found 0 plugins.
Preloading 0 native plugins for Editor in 0.00 ms.
Unloading 1109 Unused Serialized files (Serialized files now loaded: 0)
System memory in use before: 77.5 MB.
System memory in use after: 77.6 MB.

Unloading 5 unused Assets to reduce memory usage. Loaded Objects now: 1695.
Total: 24.444400 ms (FindLiveObjects: 8.683300 ms CreateObjectMapping: 0.513000 ms MarkObjects: 14.902700 ms  DeleteObjects: 0.338100 ms)

========================================================================
Received Import Request.
  Time since last request: 337.150811 seconds.
  path: Assets/Prefabs/npc/remy.fbx
  artifactKey: Guid(f81ab0613f1d94a4bbe8782b9844bf3f) Importer(815301076,1909f56bfc062723c751e8b465ee728b)
Start importing Assets/Prefabs/npc/remy.fbx using Guid(f81ab0613f1d94a4bbe8782b9844bf3f) Importer(815301076,1909f56bfc062723c751e8b465ee728b)  -> (artifact id: 'cef31882e4be1481c4b5a8140fcf51ff') in 1.229442 seconds
  Import took 1.257999 seconds .

========================================================================
Received Import Request.
  Time since last request: 0.001897 seconds.
  path: Assets/Prefabs/npc/remy@Soccer Idle.fbx
  artifactKey: Guid(580ea1a8b39f598489b7685dd08e394a) Importer(815301076,1909f56bfc062723c751e8b465ee728b)
Start importing Assets/Prefabs/npc/remy@Soccer Idle.fbx using Guid(580ea1a8b39f598489b7685dd08e394a) Importer(815301076,1909f56bfc062723c751e8b465ee728b)  -> (artifact id: 'd680e10dfd5e2c4dd6a02c317ad0d1fc') in 1.263276 seconds
  Import took 1.287342 seconds .

========================================================================
Received Import Request.
  Time since last request: 27.352489 seconds.
  path: Assets/Prefabs/npc/Soccer Idle.anim
  artifactKey: Guid(ca67b9d68b4ef734dbfa2deb7164c4a9) Importer(815301076,1909f56bfc062723c751e8b465ee728b)
Start importing Assets/Prefabs/npc/Soccer Idle.anim using Guid(ca67b9d68b4ef734dbfa2deb7164c4a9) Importer(815301076,1909f56bfc062723c751e8b465ee728b)  -> (artifact id: '1af8e0b69420b16991a78aed59ea1fa4') in 0.128728 seconds
  Import took 0.138013 seconds .

========================================================================
Received Import Request.
  Time since last request: 0.009228 seconds.
  path: Assets/Prefabs/npc/Soccer Idle.anim
  artifactKey: Guid(ca67b9d68b4ef734dbfa2deb7164c4a9) Importer(815301076,1909f56bfc062723c751e8b465ee728b)
Start importing Assets/Prefabs/npc/Soccer Idle.anim using Guid(ca67b9d68b4ef734dbfa2deb7164c4a9) Importer(815301076,1909f56bfc062723c751e8b465ee728b)  -> (artifact id: '1af8e0b69420b16991a78aed59ea1fa4') in 0.142856 seconds
  Import took 0.150766 seconds .

========================================================================
Received Prepare
Registering precompiled user dll's ...
Registered in 0.008181 seconds.
Begin MonoManager ReloadAssembly
Native extension for WindowsStandalone target not found
Refreshing native plugins compatible for Editor in 3.26 ms, found 0 plugins.
Preloading 0 native plugins for Editor in 0.00 ms.
Invoked RoslynAnalysisRunner static constructor.
RoslynAnalysisRunner will not be running.
RoslynAnalysisRunner has terminated.
Mono: successfully reloaded assembly
- Completed reload, in  7.562 seconds
Platform modules already initialized, skipping
Refreshing native plugins compatible for Editor in 0.75 ms, found 0 plugins.
Preloading 0 native plugins for Editor in 0.00 ms.
Unloading 1109 Unused Serialized files (Serialized files now loaded: 0)
System memory in use before: 77.6 MB.
System memory in use after: 77.7 MB.

Unloading 5 unused Assets to reduce memory usage. Loaded Objects now: 1698.
Total: 14.550400 ms (FindLiveObjects: 1.139100 ms CreateObjectMapping: 0.761000 ms MarkObjects: 12.214800 ms  DeleteObjects: 0.427600 ms)

========================================================================
Received Prepare
Registering precompiled user dll's ...
Registered in 0.006981 seconds.
Begin MonoManager ReloadAssembly
Native extension for WindowsStandalone target not found
Refreshing native plugins compatible for Editor in 0.65 ms, found 0 plugins.
Preloading 0 native plugins for Editor in 0.00 ms.
Invoked RoslynAnalysisRunner static constructor.
RoslynAnalysisRunner will not be running.
RoslynAnalysisRunner has terminated.
Mono: successfully reloaded assembly
- Completed reload, in  5.335 seconds
Platform modules already initialized, skipping
Refreshing native plugins compatible for Editor in 0.74 ms, found 0 plugins.
Preloading 0 native plugins for Editor in 0.00 ms.
Unloading 1109 Unused Serialized files (Serialized files now loaded: 0)
System memory in use before: 77.6 MB.
System memory in use after: 77.7 MB.

Unloading 5 unused Assets to reduce memory usage. Loaded Objects now: 1700.
Total: 14.215100 ms (FindLiveObjects: 1.431600 ms CreateObjectMapping: 1.300800 ms MarkObjects: 11.198900 ms  DeleteObjects: 0.271000 ms)

========================================================================
Received Prepare
Registering precompiled user dll's ...
Registered in 0.009764 seconds.
Begin MonoManager ReloadAssembly
Native extension for WindowsStandalone target not found
Refreshing native plugins compatible for Editor in 0.89 ms, found 0 plugins.
Preloading 0 native plugins for Editor in 0.00 ms.
Invoked RoslynAnalysisRunner static constructor.
RoslynAnalysisRunner will not be running.
RoslynAnalysisRunner has terminated.
Mono: successfully reloaded assembly
- Completed reload, in  4.784 seconds
Platform modules already initialized, skipping
Refreshing native plugins compatible for Editor in 0.77 ms, found 0 plugins.
Preloading 0 native plugins for Editor in 0.00 ms.
Unloading 1109 Unused Serialized files (Serialized files now loaded: 0)
System memory in use before: 77.6 MB.
System memory in use after: 77.7 MB.

Unloading 5 unused Assets to reduce memory usage. Loaded Objects now: 1702.
Total: 6.034300 ms (FindLiveObjects: 0.765900 ms CreateObjectMapping: 0.175200 ms MarkObjects: 4.881900 ms  DeleteObjects: 0.203600 ms)

AssetImportWorkerClient::OnTransportError - code=2 error=End of file
